{"/Users/naily/Documents/Developer/ohosvscode/debugger/src/adapter.ts": {"path":"/Users/naily/Documents/Developer/ohosvscode/debugger/src/adapter.ts","statementMap":{"0":{"start":{"line":17,"column":17},"end":{"line":17,"column":null}},"1":{"start":{"line":40,"column":9},"end":{"line":40,"column":null}},"2":{"start":{"line":42,"column":6},"end":{"line":42,"column":null}},"3":{"start":{"line":41,"column":11},"end":{"line":41,"column":23}},"4":{"start":{"line":52,"column":9},"end":{"line":52,"column":null}},"5":{"start":{"line":54,"column":6},"end":{"line":54,"column":null}},"6":{"start":{"line":53,"column":11},"end":{"line":53,"column":23}},"7":{"start":{"line":63,"column":9},"end":{"line":63,"column":null}},"8":{"start":{"line":65,"column":6},"end":{"line":65,"column":null}},"9":{"start":{"line":64,"column":11},"end":{"line":64,"column":23}},"10":{"start":{"line":17,"column":17},"end":{"line":91,"column":24}},"11":{"start":{"line":91,"column":24},"end":{"line":91,"column":null}},"12":{"start":{"line":91,"column":17},"end":{"line":101,"column":24}},"13":{"start":{"line":101,"column":24},"end":{"line":101,"column":null}},"14":{"start":{"line":101,"column":17},"end":{"line":121,"column":24}},"15":{"start":{"line":121,"column":24},"end":{"line":121,"column":null}},"16":{"start":{"line":121,"column":17},"end":{"line":125,"column":24}},"17":{"start":{"line":125,"column":24},"end":{"line":125,"column":null}},"18":{"start":{"line":125,"column":17},"end":{"line":139,"column":24}},"19":{"start":{"line":139,"column":24},"end":{"line":139,"column":null}}},"fnMap":{"0":{"name":"(anonymous_0)","decl":{"start":{"line":17,"column":7},"end":{"line":17,"column":17}},"loc":{"start":{"line":17,"column":7},"end":{"line":63,"column":null}},"line":17},"1":{"name":"(anonymous_1)","decl":{"start":{"line":40,"column":9},"end":{"line":40,"column":19}},"loc":{"start":{"line":40,"column":9},"end":{"line":41,"column":23}},"line":40},"2":{"name":"is","decl":{"start":{"line":41,"column":20},"end":{"line":41,"column":23}},"loc":{"start":{"line":41,"column":66},"end":{"line":43,"column":null}},"line":41},"3":{"name":"(anonymous_3)","decl":{"start":{"line":52,"column":9},"end":{"line":52,"column":19}},"loc":{"start":{"line":52,"column":9},"end":{"line":53,"column":23}},"line":52},"4":{"name":"is","decl":{"start":{"line":53,"column":20},"end":{"line":53,"column":23}},"loc":{"start":{"line":53,"column":69},"end":{"line":55,"column":null}},"line":53},"5":{"name":"(anonymous_5)","decl":{"start":{"line":63,"column":9},"end":{"line":63,"column":19}},"loc":{"start":{"line":63,"column":9},"end":{"line":64,"column":23}},"line":63},"6":{"name":"is","decl":{"start":{"line":64,"column":20},"end":{"line":64,"column":23}},"loc":{"start":{"line":64,"column":63},"end":{"line":66,"column":null}},"line":64},"7":{"name":"(anonymous_7)","decl":{"start":{"line":91,"column":7},"end":{"line":91,"column":17}},"loc":{"start":{"line":91,"column":7},"end":{"line":91,"column":null}},"line":91},"8":{"name":"(anonymous_8)","decl":{"start":{"line":91,"column":24},"end":{"line":91,"column":25}},"loc":{"start":{"line":91,"column":24},"end":{"line":91,"column":25}},"line":91},"9":{"name":"(anonymous_9)","decl":{"start":{"line":101,"column":7},"end":{"line":101,"column":17}},"loc":{"start":{"line":101,"column":7},"end":{"line":101,"column":null}},"line":101},"10":{"name":"(anonymous_10)","decl":{"start":{"line":101,"column":24},"end":{"line":101,"column":25}},"loc":{"start":{"line":101,"column":24},"end":{"line":101,"column":25}},"line":101},"11":{"name":"(anonymous_11)","decl":{"start":{"line":121,"column":7},"end":{"line":121,"column":17}},"loc":{"start":{"line":121,"column":7},"end":{"line":121,"column":null}},"line":121},"12":{"name":"(anonymous_12)","decl":{"start":{"line":121,"column":24},"end":{"line":121,"column":25}},"loc":{"start":{"line":121,"column":24},"end":{"line":121,"column":25}},"line":121},"13":{"name":"(anonymous_13)","decl":{"start":{"line":125,"column":7},"end":{"line":125,"column":17}},"loc":{"start":{"line":125,"column":7},"end":{"line":125,"column":null}},"line":125},"14":{"name":"(anonymous_14)","decl":{"start":{"line":125,"column":24},"end":{"line":125,"column":25}},"loc":{"start":{"line":125,"column":24},"end":{"line":125,"column":25}},"line":125},"15":{"name":"(anonymous_15)","decl":{"start":{"line":139,"column":7},"end":{"line":139,"column":17}},"loc":{"start":{"line":139,"column":7},"end":{"line":139,"column":null}},"line":139},"16":{"name":"(anonymous_16)","decl":{"start":{"line":139,"column":24},"end":{"line":139,"column":25}},"loc":{"start":{"line":139,"column":24},"end":{"line":139,"column":25}},"line":139}},"branchMap":{"0":{"loc":{"start":{"line":42,"column":13},"end":{"line":42,"column":null}},"type":"binary-expr","locations":[{"start":{"line":42,"column":13},"end":{"line":42,"column":42}},{"start":{"line":42,"column":42},"end":{"line":42,"column":60}},{"start":{"line":42,"column":60},"end":{"line":42,"column":77}},{"start":{"line":42,"column":77},"end":{"line":42,"column":null}}],"line":42},"1":{"loc":{"start":{"line":40,"column":19},"end":{"line":40,"column":null}},"type":"binary-expr","locations":[{"start":{"line":40,"column":19},"end":{"line":40,"column":null}},{"start":{"line":40,"column":19},"end":{"line":40,"column":null}}],"line":40},"2":{"loc":{"start":{"line":54,"column":13},"end":{"line":54,"column":null}},"type":"binary-expr","locations":[{"start":{"line":54,"column":13},"end":{"line":54,"column":42}},{"start":{"line":54,"column":42},"end":{"line":54,"column":60}},{"start":{"line":54,"column":60},"end":{"line":54,"column":79}},{"start":{"line":54,"column":79},"end":{"line":54,"column":101}},{"start":{"line":54,"column":101},"end":{"line":54,"column":null}}],"line":54},"3":{"loc":{"start":{"line":52,"column":19},"end":{"line":52,"column":null}},"type":"binary-expr","locations":[{"start":{"line":52,"column":19},"end":{"line":52,"column":null}},{"start":{"line":52,"column":19},"end":{"line":52,"column":null}}],"line":52},"4":{"loc":{"start":{"line":65,"column":13},"end":{"line":65,"column":null}},"type":"binary-expr","locations":[{"start":{"line":65,"column":13},"end":{"line":65,"column":42}},{"start":{"line":65,"column":42},"end":{"line":65,"column":60}},{"start":{"line":65,"column":60},"end":{"line":65,"column":77}},{"start":{"line":65,"column":77},"end":{"line":65,"column":97}},{"start":{"line":65,"column":97},"end":{"line":65,"column":null}}],"line":65},"5":{"loc":{"start":{"line":63,"column":19},"end":{"line":63,"column":null}},"type":"binary-expr","locations":[{"start":{"line":63,"column":19},"end":{"line":63,"column":null}},{"start":{"line":63,"column":19},"end":{"line":63,"column":null}}],"line":63},"6":{"loc":{"start":{"line":17,"column":17},"end":{"line":17,"column":null}},"type":"binary-expr","locations":[{"start":{"line":17,"column":17},"end":{"line":17,"column":null}},{"start":{"line":17,"column":17},"end":{"line":17,"column":null}}],"line":17},"7":{"loc":{"start":{"line":91,"column":25},"end":{"line":91,"column":null}},"type":"binary-expr","locations":[{"start":{"line":91,"column":25},"end":{"line":91,"column":null}},{"start":{"line":91,"column":25},"end":{"line":91,"column":null}}],"line":91},"8":{"loc":{"start":{"line":91,"column":17},"end":{"line":91,"column":24}},"type":"binary-expr","locations":[{"start":{"line":91,"column":17},"end":{"line":91,"column":24}},{"start":{"line":91,"column":17},"end":{"line":91,"column":24}}],"line":91},"9":{"loc":{"start":{"line":101,"column":25},"end":{"line":101,"column":null}},"type":"binary-expr","locations":[{"start":{"line":101,"column":25},"end":{"line":101,"column":null}},{"start":{"line":101,"column":25},"end":{"line":101,"column":null}}],"line":101},"10":{"loc":{"start":{"line":101,"column":17},"end":{"line":101,"column":24}},"type":"binary-expr","locations":[{"start":{"line":101,"column":17},"end":{"line":101,"column":24}},{"start":{"line":101,"column":17},"end":{"line":101,"column":24}}],"line":101},"11":{"loc":{"start":{"line":121,"column":25},"end":{"line":121,"column":null}},"type":"binary-expr","locations":[{"start":{"line":121,"column":25},"end":{"line":121,"column":null}},{"start":{"line":121,"column":25},"end":{"line":121,"column":null}}],"line":121},"12":{"loc":{"start":{"line":121,"column":17},"end":{"line":121,"column":24}},"type":"binary-expr","locations":[{"start":{"line":121,"column":17},"end":{"line":121,"column":24}},{"start":{"line":121,"column":17},"end":{"line":121,"column":24}}],"line":121},"13":{"loc":{"start":{"line":125,"column":25},"end":{"line":125,"column":null}},"type":"binary-expr","locations":[{"start":{"line":125,"column":25},"end":{"line":125,"column":null}},{"start":{"line":125,"column":25},"end":{"line":125,"column":null}}],"line":125},"14":{"loc":{"start":{"line":125,"column":17},"end":{"line":125,"column":24}},"type":"binary-expr","locations":[{"start":{"line":125,"column":17},"end":{"line":125,"column":24}},{"start":{"line":125,"column":17},"end":{"line":125,"column":24}}],"line":125},"15":{"loc":{"start":{"line":139,"column":25},"end":{"line":139,"column":null}},"type":"binary-expr","locations":[{"start":{"line":139,"column":25},"end":{"line":139,"column":null}},{"start":{"line":139,"column":25},"end":{"line":139,"column":null}}],"line":139},"16":{"loc":{"start":{"line":139,"column":17},"end":{"line":139,"column":24}},"type":"binary-expr","locations":[{"start":{"line":139,"column":17},"end":{"line":139,"column":24}},{"start":{"line":139,"column":17},"end":{"line":139,"column":24}}],"line":139}},"s":{"0":1,"1":1,"2":1,"3":1,"4":1,"5":0,"6":1,"7":1,"8":0,"9":1,"10":1,"11":1,"12":1,"13":1,"14":1,"15":1,"16":1,"17":1,"18":1,"19":1},"f":{"0":1,"1":1,"2":1,"3":1,"4":0,"5":1,"6":0,"7":1,"8":1,"9":1,"10":1,"11":1,"12":1,"13":1,"14":1,"15":1,"16":1},"b":{"0":[1,1,1,1],"1":[1,1],"2":[0,0,0,0,0],"3":[1,1],"4":[0,0,0,0,0],"5":[1,1],"6":[1,1],"7":[1,1],"8":[1,0],"9":[1,1],"10":[1,0],"11":[1,0],"12":[1,0],"13":[1,0],"14":[1,0],"15":[1,0],"16":[1,0]},"meta":{"lastBranch":17,"lastFunction":17,"lastStatement":20,"seen":{"s:17:17:17:Infinity":0,"f:17:7:17:17":0,"s:40:9:40:Infinity":1,"f:40:9:40:19":1,"f:41:20:41:23":2,"s:42:6:42:Infinity":2,"b:42:13:42:42:42:42:42:60:42:60:42:77:42:77:42:Infinity":0,"s:41:11:41:23":3,"b:40:19:40:Infinity:40:19:40:Infinity":1,"s:52:9:52:Infinity":4,"f:52:9:52:19":3,"f:53:20:53:23":4,"s:54:6:54:Infinity":5,"b:54:13:54:42:54:42:54:60:54:60:54:79:54:79:54:101:54:101:54:Infinity":2,"s:53:11:53:23":6,"b:52:19:52:Infinity:52:19:52:Infinity":3,"s:63:9:63:Infinity":7,"f:63:9:63:19":5,"f:64:20:64:23":6,"s:65:6:65:Infinity":8,"b:65:13:65:42:65:42:65:60:65:60:65:77:65:77:65:97:65:97:65:Infinity":4,"s:64:11:64:23":9,"b:63:19:63:Infinity:63:19:63:Infinity":5,"b:17:17:17:Infinity:17:17:17:Infinity":6,"s:17:17:91:24":10,"f:91:7:91:17":7,"s:91:24:91:Infinity":11,"f:91:24:91:25":8,"b:91:25:91:Infinity:91:25:91:Infinity":7,"b:91:17:91:24:91:17:91:24":8,"s:91:17:101:24":12,"f:101:7:101:17":9,"s:101:24:101:Infinity":13,"f:101:24:101:25":10,"b:101:25:101:Infinity:101:25:101:Infinity":9,"b:101:17:101:24:101:17:101:24":10,"s:101:17:121:24":14,"f:121:7:121:17":11,"s:121:24:121:Infinity":15,"f:121:24:121:25":12,"b:121:25:121:Infinity:121:25:121:Infinity":11,"b:121:17:121:24:121:17:121:24":12,"s:121:17:125:24":16,"f:125:7:125:17":13,"s:125:24:125:Infinity":17,"f:125:24:125:25":14,"b:125:25:125:Infinity:125:25:125:Infinity":13,"b:125:17:125:24:125:17:125:24":14,"s:125:17:139:24":18,"f:139:7:139:17":15,"s:139:24:139:Infinity":19,"f:139:24:139:25":16,"b:139:25:139:Infinity:139:25:139:Infinity":15,"b:139:17:139:24:139:17:139:24":16}}}
,"/Users/naily/Documents/Developer/ohosvscode/debugger/src/connection.ts": {"path":"/Users/naily/Documents/Developer/ohosvscode/debugger/src/connection.ts","statementMap":{"0":{"start":{"line":8,"column":17},"end":{"line":8,"column":null}},"1":{"start":{"line":39,"column":6},"end":{"line":39,"column":null}},"2":{"start":{"line":38,"column":33},"end":{"line":38,"column":52}},"3":{"start":{"line":43,"column":6},"end":{"line":43,"column":null}},"4":{"start":{"line":37,"column":9},"end":{"line":37,"column":36}},"5":{"start":{"line":70,"column":26},"end":{"line":70,"column":null}},"6":{"start":{"line":72,"column":2},"end":{"line":72,"column":null}},"7":{"start":{"line":73,"column":2},"end":{"line":73,"column":null}},"8":{"start":{"line":75,"column":14},"end":{"line":75,"column":null}},"9":{"start":{"line":77,"column":2},"end":{"line":77,"column":null}},"10":{"start":{"line":80,"column":2},"end":{"line":80,"column":null}},"11":{"start":{"line":81,"column":2},"end":{"line":81,"column":null}},"12":{"start":{"line":83,"column":21},"end":{"line":83,"column":null}},"13":{"start":{"line":84,"column":18},"end":{"line":84,"column":null}},"14":{"start":{"line":85,"column":2},"end":{"line":85,"column":null}},"15":{"start":{"line":86,"column":2},"end":{"line":86,"column":null}},"16":{"start":{"line":93,"column":6},"end":{"line":93,"column":14}},"17":{"start":{"line":91,"column":21},"end":{"line":91,"column":null}},"18":{"start":{"line":92,"column":21},"end":{"line":92,"column":null}},"19":{"start":{"line":98,"column":4},"end":{"line":98,"column":null}},"20":{"start":{"line":99,"column":4},"end":{"line":99,"column":null}},"21":{"start":{"line":103,"column":4},"end":{"line":103,"column":null}},"22":{"start":{"line":107,"column":4},"end":{"line":107,"column":null}},"23":{"start":{"line":107,"column":24},"end":{"line":107,"column":null}},"24":{"start":{"line":108,"column":4},"end":{"line":108,"column":null}},"25":{"start":{"line":112,"column":4},"end":{"line":112,"column":null}},"26":{"start":{"line":116,"column":4},"end":{"line":116,"column":null}},"27":{"start":{"line":120,"column":4},"end":{"line":120,"column":null}},"28":{"start":{"line":124,"column":4},"end":{"line":124,"column":null}},"29":{"start":{"line":128,"column":4},"end":{"line":128,"column":null}},"30":{"start":{"line":132,"column":4},"end":{"line":132,"column":null}},"31":{"start":{"line":136,"column":4},"end":{"line":136,"column":null}},"32":{"start":{"line":140,"column":4},"end":{"line":140,"column":null}},"33":{"start":{"line":144,"column":4},"end":{"line":144,"column":null}},"34":{"start":{"line":148,"column":4},"end":{"line":148,"column":null}},"35":{"start":{"line":152,"column":30},"end":{"line":152,"column":null}},"36":{"start":{"line":154,"column":4},"end":{"line":159,"column":null}},"37":{"start":{"line":155,"column":6},"end":{"line":155,"column":null}},"38":{"start":{"line":158,"column":6},"end":{"line":158,"column":null}},"39":{"start":{"line":161,"column":4},"end":{"line":166,"column":null}},"40":{"start":{"line":162,"column":6},"end":{"line":162,"column":null}},"41":{"start":{"line":165,"column":6},"end":{"line":165,"column":null}},"42":{"start":{"line":168,"column":4},"end":{"line":170,"column":null}},"43":{"start":{"line":169,"column":6},"end":{"line":169,"column":null}},"44":{"start":{"line":175,"column":2},"end":{"line":181,"column":null}},"45":{"start":{"line":185,"column":2},"end":{"line":190,"column":null}},"46":{"start":{"line":186,"column":4},"end":{"line":189,"column":null}},"47":{"start":{"line":187,"column":6},"end":{"line":187,"column":null}},"48":{"start":{"line":187,"column":15},"end":{"line":187,"column":null}},"49":{"start":{"line":188,"column":6},"end":{"line":188,"column":null}},"50":{"start":{"line":194,"column":13},"end":{"line":194,"column":null}},"51":{"start":{"line":195,"column":2},"end":{"line":200,"column":null}},"52":{"start":{"line":196,"column":4},"end":{"line":196,"column":null}},"53":{"start":{"line":199,"column":4},"end":{"line":199,"column":null}},"54":{"start":{"line":202,"column":16},"end":{"line":202,"column":null}},"55":{"start":{"line":203,"column":18},"end":{"line":203,"column":null}},"56":{"start":{"line":203,"column":90},"end":{"line":203,"column":103}},"57":{"start":{"line":205,"column":2},"end":{"line":220,"column":null}},"58":{"start":{"line":206,"column":4},"end":{"line":206,"column":null}},"59":{"start":{"line":206,"column":32},"end":{"line":206,"column":53}},"60":{"start":{"line":206,"column":56},"end":{"line":206,"column":null}},"61":{"start":{"line":208,"column":19},"end":{"line":208,"column":null}},"62":{"start":{"line":209,"column":17},"end":{"line":209,"column":null}},"63":{"start":{"line":210,"column":17},"end":{"line":210,"column":null}},"64":{"start":{"line":212,"column":4},"end":{"line":219,"column":null}},"65":{"start":{"line":213,"column":6},"end":{"line":218,"column":null}},"66":{"start":{"line":214,"column":8},"end":{"line":214,"column":null}},"67":{"start":{"line":224,"column":2},"end":{"line":224,"column":null}},"68":{"start":{"line":225,"column":2},"end":{"line":225,"column":null}},"69":{"start":{"line":229,"column":2},"end":{"line":264,"column":null}},"70":{"start":{"line":230,"column":18},"end":{"line":230,"column":null}},"71":{"start":{"line":231,"column":19},"end":{"line":231,"column":null}},"72":{"start":{"line":233,"column":20},"end":{"line":236,"column":null}},"73":{"start":{"line":234,"column":6},"end":{"line":234,"column":null}},"74":{"start":{"line":234,"column":35},"end":{"line":234,"column":null}},"75":{"start":{"line":235,"column":6},"end":{"line":235,"column":null}},"76":{"start":{"line":235,"column":30},"end":{"line":235,"column":null}},"77":{"start":{"line":238,"column":18},"end":{"line":240,"column":null}},"78":{"start":{"line":239,"column":6},"end":{"line":239,"column":null}},"79":{"start":{"line":242,"column":4},"end":{"line":256,"column":null}},"80":{"start":{"line":243,"column":20},"end":{"line":243,"column":null}},"81":{"start":{"line":244,"column":6},"end":{"line":255,"column":null}},"82":{"start":{"line":245,"column":8},"end":{"line":245,"column":null}},"83":{"start":{"line":245,"column":56},"end":{"line":245,"column":null}},"84":{"start":{"line":247,"column":20},"end":{"line":247,"column":null}},"85":{"start":{"line":248,"column":8},"end":{"line":254,"column":null}},"86":{"start":{"line":249,"column":10},"end":{"line":249,"column":null}},"87":{"start":{"line":250,"column":10},"end":{"line":250,"column":null}},"88":{"start":{"line":251,"column":10},"end":{"line":251,"column":null}},"89":{"start":{"line":252,"column":10},"end":{"line":252,"column":null}},"90":{"start":{"line":253,"column":10},"end":{"line":253,"column":null}},"91":{"start":{"line":258,"column":4},"end":{"line":258,"column":null}},"92":{"start":{"line":258,"column":29},"end":{"line":258,"column":41}},"93":{"start":{"line":259,"column":4},"end":{"line":263,"column":null}},"94":{"start":{"line":260,"column":6},"end":{"line":260,"column":null}},"95":{"start":{"line":260,"column":20},"end":{"line":260,"column":null}},"96":{"start":{"line":261,"column":6},"end":{"line":261,"column":null}},"97":{"start":{"line":262,"column":6},"end":{"line":262,"column":null}},"98":{"start":{"line":268,"column":17},"end":{"line":268,"column":null}},"99":{"start":{"line":269,"column":2},"end":{"line":269,"column":null}},"100":{"start":{"line":269,"column":31},"end":{"line":269,"column":null}}},"fnMap":{"0":{"name":"(anonymous_0)","decl":{"start":{"line":8,"column":7},"end":{"line":8,"column":17}},"loc":{"start":{"line":8,"column":7},"end":{"line":37,"column":36}},"line":8},"1":{"name":"(anonymous_1)","decl":{"start":{"line":38,"column":4},"end":{"line":38,"column":33}},"loc":{"start":{"line":38,"column":52},"end":{"line":40,"column":null}},"line":38},"2":{"name":"(anonymous_2)","decl":{"start":{"line":42,"column":4},"end":{"line":42,"column":27}},"loc":{"start":{"line":42,"column":27},"end":{"line":44,"column":null}},"line":42},"3":{"name":"createConnection","decl":{"start":{"line":69,"column":22},"end":{"line":69,"column":39}},"loc":{"start":{"line":69,"column":89},"end":{"line":87,"column":null}},"line":69},"4":{"name":"(anonymous_4)","decl":{"start":{"line":90,"column":2},"end":{"line":90,"column":null}},"loc":{"start":{"line":93,"column":4},"end":{"line":93,"column":null}},"line":93},"5":{"name":"(anonymous_5)","decl":{"start":{"line":97,"column":2},"end":{"line":97,"column":13}},"loc":{"start":{"line":97,"column":37},"end":{"line":100,"column":null}},"line":97},"6":{"name":"(anonymous_6)","decl":{"start":{"line":102,"column":2},"end":{"line":102,"column":30}},"loc":{"start":{"line":102,"column":30},"end":{"line":104,"column":null}},"line":102},"7":{"name":"(anonymous_7)","decl":{"start":{"line":106,"column":2},"end":{"line":106,"column":24}},"loc":{"start":{"line":106,"column":24},"end":{"line":109,"column":null}},"line":106},"8":{"name":"(anonymous_8)","decl":{"start":{"line":111,"column":2},"end":{"line":111,"column":99}},"loc":{"start":{"line":111,"column":220},"end":{"line":113,"column":null}},"line":111},"9":{"name":"(anonymous_9)","decl":{"start":{"line":115,"column":2},"end":{"line":115,"column":65}},"loc":{"start":{"line":115,"column":136},"end":{"line":117,"column":null}},"line":115},"10":{"name":"(anonymous_10)","decl":{"start":{"line":119,"column":8},"end":{"line":119,"column":56}},"loc":{"start":{"line":119,"column":56},"end":{"line":121,"column":null}},"line":119},"11":{"name":"(anonymous_11)","decl":{"start":{"line":123,"column":8},"end":{"line":123,"column":54}},"loc":{"start":{"line":123,"column":54},"end":{"line":125,"column":null}},"line":123},"12":{"name":"(anonymous_12)","decl":{"start":{"line":127,"column":2},"end":{"line":127,"column":19}},"loc":{"start":{"line":127,"column":19},"end":{"line":129,"column":null}},"line":127},"13":{"name":"(anonymous_13)","decl":{"start":{"line":131,"column":2},"end":{"line":131,"column":28}},"loc":{"start":{"line":131,"column":28},"end":{"line":133,"column":null}},"line":131},"14":{"name":"(anonymous_14)","decl":{"start":{"line":135,"column":2},"end":{"line":135,"column":27}},"loc":{"start":{"line":135,"column":27},"end":{"line":137,"column":null}},"line":135},"15":{"name":"(anonymous_15)","decl":{"start":{"line":139,"column":2},"end":{"line":139,"column":26}},"loc":{"start":{"line":139,"column":26},"end":{"line":141,"column":null}},"line":139},"16":{"name":"(anonymous_16)","decl":{"start":{"line":143,"column":2},"end":{"line":143,"column":27}},"loc":{"start":{"line":143,"column":27},"end":{"line":145,"column":null}},"line":143},"17":{"name":"(anonymous_17)","decl":{"start":{"line":147,"column":2},"end":{"line":147,"column":27}},"loc":{"start":{"line":147,"column":27},"end":{"line":149,"column":null}},"line":147},"18":{"name":"(anonymous_18)","decl":{"start":{"line":151,"column":8},"end":{"line":151,"column":33}},"loc":{"start":{"line":151,"column":33},"end":{"line":171,"column":null}},"line":151},"19":{"name":"resolveOptions","decl":{"start":{"line":174,"column":22},"end":{"line":174,"column":37}},"loc":{"start":{"line":174,"column":103},"end":{"line":182,"column":null}},"line":174},"20":{"name":"runHdc","decl":{"start":{"line":184,"column":15},"end":{"line":184,"column":22}},"loc":{"start":{"line":184,"column":72},"end":{"line":191,"column":null}},"line":184},"21":{"name":"(anonymous_21)","decl":{"start":{"line":185,"column":21},"end":{"line":185,"column":22}},"loc":{"start":{"line":185,"column":42},"end":{"line":190,"column":3}},"line":185},"22":{"name":"(anonymous_22)","decl":{"start":{"line":186,"column":64},"end":{"line":186,"column":65}},"loc":{"start":{"line":186,"column":89},"end":{"line":189,"column":5}},"line":186},"23":{"name":"forceClearPorts","decl":{"start":{"line":193,"column":15},"end":{"line":193,"column":31}},"loc":{"start":{"line":193,"column":91},"end":{"line":221,"column":null}},"line":193},"24":{"name":"(anonymous_24)","decl":{"start":{"line":203,"column":82},"end":{"line":203,"column":90}},"loc":{"start":{"line":203,"column":90},"end":{"line":203,"column":103}},"line":203},"25":{"name":"(anonymous_25)","decl":{"start":{"line":206,"column":22},"end":{"line":206,"column":32}},"loc":{"start":{"line":206,"column":32},"end":{"line":206,"column":53}},"line":206},"26":{"name":"restartApp","decl":{"start":{"line":223,"column":15},"end":{"line":223,"column":26}},"loc":{"start":{"line":223,"column":86},"end":{"line":226,"column":null}},"line":223},"27":{"name":"waitForPid","decl":{"start":{"line":228,"column":15},"end":{"line":228,"column":26}},"loc":{"start":{"line":228,"column":108},"end":{"line":265,"column":null}},"line":228},"28":{"name":"(anonymous_28)","decl":{"start":{"line":229,"column":21},"end":{"line":229,"column":22}},"loc":{"start":{"line":229,"column":42},"end":{"line":264,"column":3}},"line":229},"29":{"name":"(anonymous_29)","decl":{"start":{"line":233,"column":20},"end":{"line":233,"column":21}},"loc":{"start":{"line":233,"column":41},"end":{"line":236,"column":null}},"line":233},"30":{"name":"(anonymous_30)","decl":{"start":{"line":238,"column":29},"end":{"line":238,"column":35}},"loc":{"start":{"line":238,"column":35},"end":{"line":240,"column":7}},"line":238},"31":{"name":"(anonymous_31)","decl":{"start":{"line":242,"column":28},"end":{"line":242,"column":29}},"loc":{"start":{"line":242,"column":39},"end":{"line":256,"column":5}},"line":242},"32":{"name":"(anonymous_32)","decl":{"start":{"line":258,"column":22},"end":{"line":258,"column":29}},"loc":{"start":{"line":258,"column":29},"end":{"line":258,"column":41}},"line":258},"33":{"name":"(anonymous_33)","decl":{"start":{"line":259,"column":22},"end":{"line":259,"column":23}},"loc":{"start":{"line":259,"column":32},"end":{"line":263,"column":5}},"line":259},"34":{"name":"bindPort","decl":{"start":{"line":267,"column":15},"end":{"line":267,"column":24}},"loc":{"start":{"line":267,"column":74},"end":{"line":270,"column":null}},"line":267}},"branchMap":{"0":{"loc":{"start":{"line":8,"column":17},"end":{"line":8,"column":null}},"type":"binary-expr","locations":[{"start":{"line":8,"column":17},"end":{"line":8,"column":null}},{"start":{"line":8,"column":17},"end":{"line":8,"column":null}}],"line":8},"1":{"loc":{"start":{"line":107,"column":4},"end":{"line":107,"column":null}},"type":"if","locations":[{"start":{"line":107,"column":4},"end":{"line":107,"column":null}},{"start":{},"end":{}}],"line":107},"2":{"loc":{"start":{"line":168,"column":4},"end":{"line":170,"column":null}},"type":"if","locations":[{"start":{"line":168,"column":4},"end":{"line":170,"column":null}},{"start":{},"end":{}}],"line":168},"3":{"loc":{"start":{"line":178,"column":17},"end":{"line":178,"column":null}},"type":"binary-expr","locations":[{"start":{"line":178,"column":17},"end":{"line":178,"column":40}},{"start":{"line":178,"column":40},"end":{"line":178,"column":null}}],"line":178},"4":{"loc":{"start":{"line":179,"column":17},"end":{"line":179,"column":null}},"type":"binary-expr","locations":[{"start":{"line":179,"column":17},"end":{"line":179,"column":40}},{"start":{"line":179,"column":40},"end":{"line":179,"column":null}}],"line":179},"5":{"loc":{"start":{"line":180,"column":18},"end":{"line":180,"column":null}},"type":"binary-expr","locations":[{"start":{"line":180,"column":18},"end":{"line":180,"column":42}},{"start":{"line":180,"column":42},"end":{"line":180,"column":null}}],"line":180},"6":{"loc":{"start":{"line":184,"column":38},"end":{"line":184,"column":72}},"type":"default-arg","locations":[{"start":{"line":184,"column":48},"end":{"line":184,"column":72}}],"line":184},"7":{"loc":{"start":{"line":187,"column":6},"end":{"line":187,"column":null}},"type":"if","locations":[{"start":{"line":187,"column":6},"end":{"line":187,"column":null}},{"start":{},"end":{}}],"line":187},"8":{"loc":{"start":{"line":188,"column":17},"end":{"line":188,"column":29}},"type":"binary-expr","locations":[{"start":{"line":188,"column":17},"end":{"line":188,"column":27}},{"start":{"line":188,"column":27},"end":{"line":188,"column":29}}],"line":188},"9":{"loc":{"start":{"line":188,"column":32},"end":{"line":188,"column":44}},"type":"binary-expr","locations":[{"start":{"line":188,"column":32},"end":{"line":188,"column":42}},{"start":{"line":188,"column":42},"end":{"line":188,"column":44}}],"line":188},"10":{"loc":{"start":{"line":206,"column":4},"end":{"line":206,"column":null}},"type":"if","locations":[{"start":{"line":206,"column":4},"end":{"line":206,"column":null}},{"start":{},"end":{}}],"line":206},"11":{"loc":{"start":{"line":212,"column":4},"end":{"line":219,"column":null}},"type":"if","locations":[{"start":{"line":212,"column":4},"end":{"line":219,"column":null}},{"start":{},"end":{}}],"line":212},"12":{"loc":{"start":{"line":212,"column":8},"end":{"line":212,"column":22}},"type":"binary-expr","locations":[{"start":{"line":212,"column":8},"end":{"line":212,"column":16}},{"start":{"line":212,"column":16},"end":{"line":212,"column":22}}],"line":212},"13":{"loc":{"start":{"line":228,"column":71},"end":{"line":228,"column":108}},"type":"default-arg","locations":[{"start":{"line":228,"column":83},"end":{"line":228,"column":108}}],"line":228},"14":{"loc":{"start":{"line":234,"column":6},"end":{"line":234,"column":null}},"type":"if","locations":[{"start":{"line":234,"column":6},"end":{"line":234,"column":null}},{"start":{},"end":{}}],"line":234},"15":{"loc":{"start":{"line":235,"column":6},"end":{"line":235,"column":null}},"type":"if","locations":[{"start":{"line":235,"column":6},"end":{"line":235,"column":null}},{"start":{},"end":{}}],"line":235},"16":{"loc":{"start":{"line":235,"column":10},"end":{"line":235,"column":30}},"type":"binary-expr","locations":[{"start":{"line":235,"column":10},"end":{"line":235,"column":23}},{"start":{"line":235,"column":23},"end":{"line":235,"column":30}}],"line":235},"17":{"loc":{"start":{"line":235,"column":37},"end":{"line":235,"column":94}},"type":"cond-expr","locations":[{"start":{"line":235,"column":62},"end":{"line":235,"column":70}},{"start":{"line":235,"column":70},"end":{"line":235,"column":94}}],"line":235},"18":{"loc":{"start":{"line":245,"column":8},"end":{"line":245,"column":null}},"type":"if","locations":[{"start":{"line":245,"column":8},"end":{"line":245,"column":null}},{"start":{},"end":{}}],"line":245},"19":{"loc":{"start":{"line":248,"column":8},"end":{"line":254,"column":null}},"type":"if","locations":[{"start":{"line":248,"column":8},"end":{"line":254,"column":null}},{"start":{},"end":{}}],"line":248},"20":{"loc":{"start":{"line":260,"column":6},"end":{"line":260,"column":null}},"type":"if","locations":[{"start":{"line":260,"column":6},"end":{"line":260,"column":null}},{"start":{},"end":{}}],"line":260},"21":{"loc":{"start":{"line":262,"column":47},"end":{"line":262,"column":64}},"type":"binary-expr","locations":[{"start":{"line":262,"column":47},"end":{"line":262,"column":55}},{"start":{"line":262,"column":55},"end":{"line":262,"column":64}}],"line":262},"22":{"loc":{"start":{"line":269,"column":2},"end":{"line":269,"column":null}},"type":"if","locations":[{"start":{"line":269,"column":2},"end":{"line":269,"column":null}},{"start":{},"end":{}}],"line":269}},"s":{"0":1,"1":0,"2":0,"3":0,"4":1,"5":1,"6":1,"7":1,"8":1,"9":1,"10":1,"11":1,"12":1,"13":1,"14":1,"15":1,"16":1,"17":1,"18":1,"19":1,"20":1,"21":0,"22":1,"23":0,"24":1,"25":0,"26":0,"27":1,"28":0,"29":1,"30":1,"31":1,"32":0,"33":0,"34":0,"35":0,"36":0,"37":0,"38":0,"39":0,"40":0,"41":0,"42":0,"43":0,"44":1,"45":7,"46":7,"47":7,"48":0,"49":7,"50":1,"51":1,"52":1,"53":0,"54":1,"55":1,"56":2,"57":1,"58":2,"59":3,"60":0,"61":2,"62":2,"63":2,"64":2,"65":2,"66":2,"67":1,"68":1,"69":1,"70":1,"71":1,"72":1,"73":1,"74":1,"75":1,"76":0,"77":1,"78":0,"79":1,"80":2,"81":2,"82":4,"83":3,"84":1,"85":1,"86":1,"87":1,"88":1,"89":1,"90":1,"91":1,"92":0,"93":1,"94":1,"95":1,"96":0,"97":0,"98":2,"99":2,"100":0},"f":{"0":1,"1":0,"2":0,"3":1,"4":1,"5":1,"6":0,"7":1,"8":0,"9":0,"10":1,"11":0,"12":1,"13":1,"14":1,"15":0,"16":0,"17":0,"18":0,"19":1,"20":7,"21":7,"22":7,"23":1,"24":2,"25":3,"26":1,"27":1,"28":1,"29":1,"30":0,"31":2,"32":0,"33":1,"34":2},"b":{"0":[1,1],"1":[0,1],"2":[0,0],"3":[1,1],"4":[1,1],"5":[1,1],"6":[7],"7":[0,7],"8":[7,0],"9":[7,0],"10":[0,2],"11":[2,0],"12":[2,2],"13":[1],"14":[1,0],"15":[0,1],"16":[1,0],"17":[0,0],"18":[3,1],"19":[1,0],"20":[1,0],"21":[0,0],"22":[0,2]},"meta":{"lastBranch":23,"lastFunction":35,"lastStatement":101,"seen":{"s:8:17:8:Infinity":0,"f:8:7:8:17":0,"f:38:4:38:33":1,"s:39:6:39:Infinity":1,"s:38:33:38:52":2,"f:42:4:42:27":2,"s:43:6:43:Infinity":3,"s:37:9:37:36":4,"b:8:17:8:Infinity:8:17:8:Infinity":0,"f:69:22:69:39":3,"s:70:26:70:Infinity":5,"s:72:2:72:Infinity":6,"s:73:2:73:Infinity":7,"s:75:14:75:Infinity":8,"s:77:2:77:Infinity":9,"s:80:2:80:Infinity":10,"s:81:2:81:Infinity":11,"s:83:21:83:Infinity":12,"s:84:18:84:Infinity":13,"s:85:2:85:Infinity":14,"s:86:2:86:Infinity":15,"f:90:2:90:Infinity":4,"s:93:6:93:14":16,"s:91:21:91:Infinity":17,"s:92:21:92:Infinity":18,"f:97:2:97:13":5,"s:98:4:98:Infinity":19,"s:99:4:99:Infinity":20,"f:102:2:102:30":6,"s:103:4:103:Infinity":21,"f:106:2:106:24":7,"b:107:4:107:Infinity:undefined:undefined:undefined:undefined":1,"s:107:4:107:Infinity":22,"s:107:24:107:Infinity":23,"s:108:4:108:Infinity":24,"f:111:2:111:99":8,"s:112:4:112:Infinity":25,"f:115:2:115:65":9,"s:116:4:116:Infinity":26,"f:119:8:119:56":10,"s:120:4:120:Infinity":27,"f:123:8:123:54":11,"s:124:4:124:Infinity":28,"f:127:2:127:19":12,"s:128:4:128:Infinity":29,"f:131:2:131:28":13,"s:132:4:132:Infinity":30,"f:135:2:135:27":14,"s:136:4:136:Infinity":31,"f:139:2:139:26":15,"s:140:4:140:Infinity":32,"f:143:2:143:27":16,"s:144:4:144:Infinity":33,"f:147:2:147:27":17,"s:148:4:148:Infinity":34,"f:151:8:151:33":18,"s:152:30:152:Infinity":35,"s:154:4:159:Infinity":36,"s:155:6:155:Infinity":37,"s:158:6:158:Infinity":38,"s:161:4:166:Infinity":39,"s:162:6:162:Infinity":40,"s:165:6:165:Infinity":41,"b:168:4:170:Infinity:undefined:undefined:undefined:undefined":2,"s:168:4:170:Infinity":42,"s:169:6:169:Infinity":43,"f:174:22:174:37":19,"s:175:2:181:Infinity":44,"b:178:17:178:40:178:40:178:Infinity":3,"b:179:17:179:40:179:40:179:Infinity":4,"b:180:18:180:42:180:42:180:Infinity":5,"f:184:15:184:22":20,"b:184:48:184:72":6,"s:185:2:190:Infinity":45,"f:185:21:185:22":21,"s:186:4:189:Infinity":46,"f:186:64:186:65":22,"b:187:6:187:Infinity:undefined:undefined:undefined:undefined":7,"s:187:6:187:Infinity":47,"s:187:15:187:Infinity":48,"s:188:6:188:Infinity":49,"b:188:17:188:27:188:27:188:29":8,"b:188:32:188:42:188:42:188:44":9,"f:193:15:193:31":23,"s:194:13:194:Infinity":50,"s:195:2:200:Infinity":51,"s:196:4:196:Infinity":52,"s:199:4:199:Infinity":53,"s:202:16:202:Infinity":54,"s:203:18:203:Infinity":55,"f:203:82:203:90":24,"s:203:90:203:103":56,"s:205:2:220:Infinity":57,"b:206:4:206:Infinity:undefined:undefined:undefined:undefined":10,"s:206:4:206:Infinity":58,"f:206:22:206:32":25,"s:206:32:206:53":59,"s:206:56:206:Infinity":60,"s:208:19:208:Infinity":61,"s:209:17:209:Infinity":62,"s:210:17:210:Infinity":63,"b:212:4:219:Infinity:undefined:undefined:undefined:undefined":11,"s:212:4:219:Infinity":64,"b:212:8:212:16:212:16:212:22":12,"s:213:6:218:Infinity":65,"s:214:8:214:Infinity":66,"f:223:15:223:26":26,"s:224:2:224:Infinity":67,"s:225:2:225:Infinity":68,"f:228:15:228:26":27,"b:228:83:228:108":13,"s:229:2:264:Infinity":69,"f:229:21:229:22":28,"s:230:18:230:Infinity":70,"s:231:19:231:Infinity":71,"s:233:20:236:Infinity":72,"f:233:20:233:21":29,"b:234:6:234:Infinity:undefined:undefined:undefined:undefined":14,"s:234:6:234:Infinity":73,"s:234:35:234:Infinity":74,"b:235:6:235:Infinity:undefined:undefined:undefined:undefined":15,"s:235:6:235:Infinity":75,"b:235:10:235:23:235:23:235:30":16,"s:235:30:235:Infinity":76,"b:235:62:235:70:235:70:235:94":17,"s:238:18:240:Infinity":77,"f:238:29:238:35":30,"s:239:6:239:Infinity":78,"s:242:4:256:Infinity":79,"f:242:28:242:29":31,"s:243:20:243:Infinity":80,"s:244:6:255:Infinity":81,"b:245:8:245:Infinity:undefined:undefined:undefined:undefined":18,"s:245:8:245:Infinity":82,"s:245:56:245:Infinity":83,"s:247:20:247:Infinity":84,"b:248:8:254:Infinity:undefined:undefined:undefined:undefined":19,"s:248:8:254:Infinity":85,"s:249:10:249:Infinity":86,"s:250:10:250:Infinity":87,"s:251:10:251:Infinity":88,"s:252:10:252:Infinity":89,"s:253:10:253:Infinity":90,"s:258:4:258:Infinity":91,"f:258:22:258:29":32,"s:258:29:258:41":92,"s:259:4:263:Infinity":93,"f:259:22:259:23":33,"b:260:6:260:Infinity:undefined:undefined:undefined:undefined":20,"s:260:6:260:Infinity":94,"s:260:20:260:Infinity":95,"s:261:6:261:Infinity":96,"s:262:6:262:Infinity":97,"b:262:47:262:55:262:55:262:64":21,"f:267:15:267:24":34,"s:268:17:268:Infinity":98,"b:269:2:269:Infinity:undefined:undefined:undefined:undefined":22,"s:269:2:269:Infinity":99,"s:269:31:269:Infinity":100}}}
,"/Users/naily/Documents/Developer/ohosvscode/debugger/src/identifier-generator.ts": {"path":"/Users/naily/Documents/Developer/ohosvscode/debugger/src/identifier-generator.ts","statementMap":{"0":{"start":{"line":2,"column":24},"end":{"line":2,"column":null}},"1":{"start":{"line":5,"column":4},"end":{"line":5,"column":null}},"2":{"start":{"line":9,"column":4},"end":{"line":9,"column":null}}},"fnMap":{"0":{"name":"(anonymous_0)","decl":{"start":{"line":4,"column":2},"end":{"line":4,"column":31}},"loc":{"start":{"line":4,"column":31},"end":{"line":6,"column":null}},"line":4},"1":{"name":"(anonymous_1)","decl":{"start":{"line":8,"column":2},"end":{"line":8,"column":33}},"loc":{"start":{"line":8,"column":33},"end":{"line":10,"column":null}},"line":8}},"branchMap":{},"s":{"0":1,"1":1,"2":0},"f":{"0":1,"1":0},"b":{},"meta":{"lastBranch":0,"lastFunction":2,"lastStatement":3,"seen":{"s:2:24:2:Infinity":0,"f:4:2:4:31":0,"s:5:4:5:Infinity":1,"f:8:2:8:33":1,"s:9:4:9:Infinity":2}}}
,"/Users/naily/Documents/Developer/ohosvscode/debugger/src/index.ts": {"path":"/Users/naily/Documents/Developer/ohosvscode/debugger/src/index.ts","statementMap":{},"fnMap":{},"branchMap":{},"s":{},"f":{},"b":{},"meta":{"lastBranch":0,"lastFunction":0,"lastStatement":0,"seen":{}}}
,"/Users/naily/Documents/Developer/ohosvscode/debugger/src/utils.ts": {"path":"/Users/naily/Documents/Developer/ohosvscode/debugger/src/utils.ts","statementMap":{"0":{"start":{"line":4,"column":2},"end":{"line":9,"column":null}},"1":{"start":{"line":5,"column":18},"end":{"line":8,"column":null}},"2":{"start":{"line":6,"column":6},"end":{"line":6,"column":null}},"3":{"start":{"line":7,"column":6},"end":{"line":7,"column":null}},"4":{"start":{"line":12,"column":17},"end":{"line":12,"column":null}},"5":{"start":{"line":14,"column":4},"end":{"line":19,"column":null}},"6":{"start":{"line":15,"column":6},"end":{"line":15,"column":null}},"7":{"start":{"line":18,"column":6},"end":{"line":18,"column":null}},"8":{"start":{"line":13,"column":2},"end":{"line":13,"column":43}},"9":{"start":{"line":23,"column":4},"end":{"line":28,"column":null}},"10":{"start":{"line":24,"column":6},"end":{"line":24,"column":null}},"11":{"start":{"line":27,"column":6},"end":{"line":27,"column":null}},"12":{"start":{"line":22,"column":2},"end":{"line":22,"column":47}}},"fnMap":{"0":{"name":"sleep","decl":{"start":{"line":3,"column":22},"end":{"line":3,"column":28}},"loc":{"start":{"line":3,"column":55},"end":{"line":10,"column":null}},"line":3},"1":{"name":"(anonymous_1)","decl":{"start":{"line":4,"column":21},"end":{"line":4,"column":22}},"loc":{"start":{"line":4,"column":34},"end":{"line":9,"column":3}},"line":4},"2":{"name":"(anonymous_2)","decl":{"start":{"line":5,"column":29},"end":{"line":5,"column":35}},"loc":{"start":{"line":5,"column":35},"end":{"line":8,"column":7}},"line":5},"3":{"name":"(anonymous_3)","decl":{"start":{"line":12,"column":7},"end":{"line":12,"column":17}},"loc":{"start":{"line":12,"column":7},"end":{"line":22,"column":47}},"line":12},"4":{"name":"parse","decl":{"start":{"line":13,"column":24},"end":{"line":13,"column":43}},"loc":{"start":{"line":13,"column":69},"end":{"line":20,"column":null}},"line":13},"5":{"name":"stringify","decl":{"start":{"line":22,"column":24},"end":{"line":22,"column":47}},"loc":{"start":{"line":22,"column":74},"end":{"line":29,"column":null}},"line":22}},"branchMap":{"0":{"loc":{"start":{"line":12,"column":17},"end":{"line":12,"column":null}},"type":"binary-expr","locations":[{"start":{"line":12,"column":17},"end":{"line":12,"column":null}},{"start":{"line":12,"column":17},"end":{"line":12,"column":null}}],"line":12}},"s":{"0":1,"1":1,"2":1,"3":1,"4":1,"5":1,"6":1,"7":0,"8":1,"9":0,"10":0,"11":0,"12":1},"f":{"0":1,"1":1,"2":1,"3":1,"4":1,"5":0},"b":{"0":[1,1]},"meta":{"lastBranch":1,"lastFunction":6,"lastStatement":13,"seen":{"f:3:22:3:28":0,"s:4:2:9:Infinity":0,"f:4:21:4:22":1,"s:5:18:8:Infinity":1,"f:5:29:5:35":2,"s:6:6:6:Infinity":2,"s:7:6:7:Infinity":3,"s:12:17:12:Infinity":4,"f:12:7:12:17":3,"f:13:24:13:43":4,"s:14:4:19:Infinity":5,"s:15:6:15:Infinity":6,"s:18:6:18:Infinity":7,"s:13:2:13:43":8,"f:22:24:22:47":5,"s:23:4:28:Infinity":9,"s:24:6:24:Infinity":10,"s:27:6:27:Infinity":11,"s:22:2:22:47":12,"b:12:17:12:Infinity:12:17:12:Infinity":0}}}
,"/Users/naily/Documents/Developer/ohosvscode/debugger/src/ws.ts": {"path":"/Users/naily/Documents/Developer/ohosvscode/debugger/src/ws.ts","statementMap":{},"fnMap":{},"branchMap":{},"s":{},"f":{},"b":{},"meta":{"lastBranch":0,"lastFunction":0,"lastStatement":0,"seen":{}}}
,"/Users/naily/Documents/Developer/ohosvscode/debugger/src/adapters/ws/adapter.ts": {"path":"/Users/naily/Documents/Developer/ohosvscode/debugger/src/adapters/ws/adapter.ts","statementMap":{"0":{"start":{"line":11,"column":38},"end":{"line":11,"column":null}},"1":{"start":{"line":12,"column":37},"end":{"line":12,"column":null}},"2":{"start":{"line":15,"column":21},"end":{"line":15,"column":null}},"3":{"start":{"line":16,"column":21},"end":{"line":16,"column":null}},"4":{"start":{"line":17,"column":21},"end":{"line":17,"column":null}},"5":{"start":{"line":18,"column":21},"end":{"line":18,"column":null}},"6":{"start":{"line":23,"column":4},"end":{"line":23,"column":null}},"7":{"start":{"line":27,"column":4},"end":{"line":27,"column":null}},"8":{"start":{"line":31,"column":4},"end":{"line":31,"column":null}},"9":{"start":{"line":35,"column":4},"end":{"line":35,"column":null}},"10":{"start":{"line":39,"column":4},"end":{"line":39,"column":null}},"11":{"start":{"line":43,"column":4},"end":{"line":43,"column":null}},"12":{"start":{"line":47,"column":4},"end":{"line":56,"column":null}},"13":{"start":{"line":48,"column":6},"end":{"line":55,"column":null}},"14":{"start":{"line":54,"column":17},"end":{"line":54,"column":null}},"15":{"start":{"line":60,"column":15},"end":{"line":60,"column":null}},"16":{"start":{"line":61,"column":4},"end":{"line":61,"column":null}},"17":{"start":{"line":63,"column":4},"end":{"line":75,"column":null}},"18":{"start":{"line":64,"column":6},"end":{"line":74,"column":null}},"19":{"start":{"line":65,"column":8},"end":{"line":73,"column":null}},"20":{"start":{"line":66,"column":23},"end":{"line":66,"column":null}},"21":{"start":{"line":67,"column":10},"end":{"line":69,"column":null}},"22":{"start":{"line":67,"column":41},"end":{"line":67,"column":null}},"23":{"start":{"line":67,"column":85},"end":{"line":69,"column":null}},"24":{"start":{"line":68,"column":43},"end":{"line":68,"column":null}},"25":{"start":{"line":69,"column":15},"end":{"line":69,"column":null}},"26":{"start":{"line":72,"column":10},"end":{"line":72,"column":null}},"27":{"start":{"line":79,"column":4},"end":{"line":79,"column":null}},"28":{"start":{"line":80,"column":4},"end":{"line":80,"column":null}},"29":{"start":{"line":94,"column":26},"end":{"line":94,"column":null}},"30":{"start":{"line":95,"column":2},"end":{"line":122,"column":null}},"31":{"start":{"line":98,"column":24},"end":{"line":98,"column":null}},"32":{"start":{"line":99,"column":6},"end":{"line":99,"column":null}},"33":{"start":{"line":99,"column":33},"end":{"line":99,"column":86}},"34":{"start":{"line":102,"column":17},"end":{"line":102,"column":null}},"35":{"start":{"line":104,"column":6},"end":{"line":120,"column":null}},"36":{"start":{"line":106,"column":10},"end":{"line":106,"column":null}},"37":{"start":{"line":107,"column":10},"end":{"line":107,"column":null}},"38":{"start":{"line":108,"column":10},"end":{"line":108,"column":null}},"39":{"start":{"line":112,"column":10},"end":{"line":112,"column":null}},"40":{"start":{"line":113,"column":10},"end":{"line":113,"column":null}},"41":{"start":{"line":114,"column":10},"end":{"line":114,"column":null}},"42":{"start":{"line":115,"column":10},"end":{"line":115,"column":null}},"43":{"start":{"line":118,"column":8},"end":{"line":118,"column":null}},"44":{"start":{"line":119,"column":8},"end":{"line":119,"column":null}},"45":{"start":{"line":126,"column":2},"end":{"line":129,"column":null}}},"fnMap":{"0":{"name":"(anonymous_0)","decl":{"start":{"line":14,"column":2},"end":{"line":14,"column":null}},"loc":{"start":{"line":19,"column":4},"end":{"line":20,"column":null}},"line":19},"1":{"name":"(anonymous_1)","decl":{"start":{"line":22,"column":2},"end":{"line":22,"column":50}},"loc":{"start":{"line":22,"column":50},"end":{"line":24,"column":null}},"line":22},"2":{"name":"(anonymous_2)","decl":{"start":{"line":26,"column":2},"end":{"line":26,"column":30}},"loc":{"start":{"line":26,"column":30},"end":{"line":28,"column":null}},"line":26},"3":{"name":"(anonymous_3)","decl":{"start":{"line":30,"column":8},"end":{"line":30,"column":56}},"loc":{"start":{"line":30,"column":56},"end":{"line":32,"column":null}},"line":30},"4":{"name":"(anonymous_4)","decl":{"start":{"line":34,"column":8},"end":{"line":34,"column":54}},"loc":{"start":{"line":34,"column":54},"end":{"line":36,"column":null}},"line":34},"5":{"name":"(anonymous_5)","decl":{"start":{"line":38,"column":2},"end":{"line":38,"column":47}},"loc":{"start":{"line":38,"column":47},"end":{"line":40,"column":null}},"line":38},"6":{"name":"(anonymous_6)","decl":{"start":{"line":42,"column":2},"end":{"line":42,"column":49}},"loc":{"start":{"line":42,"column":49},"end":{"line":44,"column":null}},"line":42},"7":{"name":"(anonymous_7)","decl":{"start":{"line":46,"column":8},"end":{"line":46,"column":71}},"loc":{"start":{"line":46,"column":142},"end":{"line":57,"column":null}},"line":46},"8":{"name":"(anonymous_8)","decl":{"start":{"line":47,"column":23},"end":{"line":47,"column":24}},"loc":{"start":{"line":47,"column":44},"end":{"line":56,"column":5}},"line":47},"9":{"name":"(anonymous_9)","decl":{"start":{"line":54,"column":8},"end":{"line":54,"column":17}},"loc":{"start":{"line":54,"column":17},"end":{"line":54,"column":null}},"line":54},"10":{"name":"(anonymous_10)","decl":{"start":{"line":59,"column":8},"end":{"line":59,"column":105}},"loc":{"start":{"line":59,"column":226},"end":{"line":76,"column":null}},"line":59},"11":{"name":"(anonymous_11)","decl":{"start":{"line":63,"column":23},"end":{"line":63,"column":24}},"loc":{"start":{"line":63,"column":44},"end":{"line":75,"column":5}},"line":63},"12":{"name":"(anonymous_12)","decl":{"start":{"line":64,"column":28},"end":{"line":64,"column":35}},"loc":{"start":{"line":64,"column":47},"end":{"line":74,"column":7}},"line":64},"13":{"name":"(anonymous_13)","decl":{"start":{"line":78,"column":2},"end":{"line":78,"column":29}},"loc":{"start":{"line":78,"column":29},"end":{"line":81,"column":null}},"line":78},"14":{"name":"createWsAdapter","decl":{"start":{"line":93,"column":22},"end":{"line":93,"column":38}},"loc":{"start":{"line":93,"column":97},"end":{"line":123,"column":null}},"line":93},"15":{"name":"(anonymous_15)","decl":{"start":{"line":96,"column":4},"end":{"line":96,"column":17}},"loc":{"start":{"line":96,"column":29},"end":{"line":121,"column":null}},"line":96},"16":{"name":"(anonymous_16)","decl":{"start":{"line":99,"column":27},"end":{"line":99,"column":33}},"loc":{"start":{"line":99,"column":33},"end":{"line":99,"column":86}},"line":99},"17":{"name":"(anonymous_17)","decl":{"start":{"line":104,"column":25},"end":{"line":104,"column":26}},"loc":{"start":{"line":104,"column":46},"end":{"line":120,"column":7}},"line":104},"18":{"name":"handleOpen","decl":{"start":{"line":105,"column":17},"end":{"line":105,"column":30}},"loc":{"start":{"line":105,"column":30},"end":{"line":109,"column":null}},"line":105},"19":{"name":"handleError","decl":{"start":{"line":111,"column":17},"end":{"line":111,"column":29}},"loc":{"start":{"line":111,"column":43},"end":{"line":116,"column":null}},"line":111},"20":{"name":"resolveOptions","decl":{"start":{"line":125,"column":9},"end":{"line":125,"column":24}},"loc":{"start":{"line":125,"column":79},"end":{"line":130,"column":null}},"line":125}},"branchMap":{"0":{"loc":{"start":{"line":50,"column":14},"end":{"line":50,"column":null}},"type":"binary-expr","locations":[{"start":{"line":50,"column":14},"end":{"line":50,"column":33}},{"start":{"line":50,"column":33},"end":{"line":50,"column":null}}],"line":50},"1":{"loc":{"start":{"line":54,"column":17},"end":{"line":54,"column":null}},"type":"cond-expr","locations":[{"start":{"line":54,"column":25},"end":{"line":54,"column":41}},{"start":{"line":54,"column":41},"end":{"line":54,"column":null}}],"line":54},"2":{"loc":{"start":{"line":60,"column":15},"end":{"line":60,"column":null}},"type":"binary-expr","locations":[{"start":{"line":60,"column":15},"end":{"line":60,"column":29}},{"start":{"line":60,"column":29},"end":{"line":60,"column":null}}],"line":60},"3":{"loc":{"start":{"line":67,"column":10},"end":{"line":69,"column":null}},"type":"if","locations":[{"start":{"line":67,"column":10},"end":{"line":69,"column":null}},{"start":{"line":67,"column":85},"end":{"line":69,"column":null}}],"line":67},"4":{"loc":{"start":{"line":67,"column":85},"end":{"line":69,"column":null}},"type":"if","locations":[{"start":{"line":67,"column":85},"end":{"line":69,"column":null}},{"start":{"line":69,"column":15},"end":{"line":69,"column":null}}],"line":67},"5":{"loc":{"start":{"line":93,"column":38},"end":{"line":93,"column":97}},"type":"default-arg","locations":[{"start":{"line":93,"column":67},"end":{"line":93,"column":97}}],"line":93},"6":{"loc":{"start":{"line":127,"column":10},"end":{"line":127,"column":null}},"type":"binary-expr","locations":[{"start":{"line":127,"column":10},"end":{"line":127,"column":26}},{"start":{"line":127,"column":26},"end":{"line":127,"column":null}}],"line":127},"7":{"loc":{"start":{"line":128,"column":14},"end":{"line":128,"column":null}},"type":"binary-expr","locations":[{"start":{"line":128,"column":14},"end":{"line":128,"column":34}},{"start":{"line":128,"column":34},"end":{"line":128,"column":null}}],"line":128}},"s":{"0":1,"1":1,"2":1,"3":1,"4":1,"5":1,"6":0,"7":0,"8":1,"9":0,"10":0,"11":0,"12":1,"13":1,"14":1,"15":1,"16":1,"17":1,"18":1,"19":1,"20":1,"21":1,"22":1,"23":0,"24":0,"25":0,"26":0,"27":0,"28":0,"29":1,"30":1,"31":1,"32":1,"33":1,"34":1,"35":1,"36":1,"37":1,"38":1,"39":0,"40":0,"41":0,"42":0,"43":1,"44":1,"45":1},"f":{"0":1,"1":0,"2":0,"3":1,"4":0,"5":0,"6":0,"7":1,"8":1,"9":1,"10":1,"11":1,"12":1,"13":0,"14":1,"15":1,"16":1,"17":1,"18":1,"19":0,"20":1},"b":{"0":[1,0],"1":[0,1],"2":[1,1],"3":[1,0],"4":[0,0],"5":[1],"6":[1,1],"7":[1,1]},"meta":{"lastBranch":8,"lastFunction":21,"lastStatement":46,"seen":{"s:11:38:11:Infinity":0,"s:12:37:12:Infinity":1,"f:14:2:14:Infinity":0,"s:15:21:15:Infinity":2,"s:16:21:16:Infinity":3,"s:17:21:17:Infinity":4,"s:18:21:18:Infinity":5,"f:22:2:22:50":1,"s:23:4:23:Infinity":6,"f:26:2:26:30":2,"s:27:4:27:Infinity":7,"f:30:8:30:56":3,"s:31:4:31:Infinity":8,"f:34:8:34:54":4,"s:35:4:35:Infinity":9,"f:38:2:38:47":5,"s:39:4:39:Infinity":10,"f:42:2:42:49":6,"s:43:4:43:Infinity":11,"f:46:8:46:71":7,"s:47:4:56:Infinity":12,"f:47:23:47:24":8,"s:48:6:55:Infinity":13,"b:50:14:50:33:50:33:50:Infinity":0,"f:54:8:54:17":9,"s:54:17:54:Infinity":14,"b:54:25:54:41:54:41:54:Infinity":1,"f:59:8:59:105":10,"s:60:15:60:Infinity":15,"b:60:15:60:29:60:29:60:Infinity":2,"s:61:4:61:Infinity":16,"s:63:4:75:Infinity":17,"f:63:23:63:24":11,"s:64:6:74:Infinity":18,"f:64:28:64:35":12,"s:65:8:73:Infinity":19,"s:66:23:66:Infinity":20,"b:67:10:69:Infinity:67:85:69:Infinity":3,"s:67:10:69:Infinity":21,"s:67:41:67:Infinity":22,"b:67:85:69:Infinity:69:15:69:Infinity":4,"s:67:85:69:Infinity":23,"s:68:43:68:Infinity":24,"s:69:15:69:Infinity":25,"s:72:10:72:Infinity":26,"f:78:2:78:29":13,"s:79:4:79:Infinity":27,"s:80:4:80:Infinity":28,"f:93:22:93:38":14,"b:93:67:93:97":5,"s:94:26:94:Infinity":29,"s:95:2:122:Infinity":30,"f:96:4:96:17":15,"s:98:24:98:Infinity":31,"s:99:6:99:Infinity":32,"f:99:27:99:33":16,"s:99:33:99:86":33,"s:102:17:102:Infinity":34,"s:104:6:120:Infinity":35,"f:104:25:104:26":17,"f:105:17:105:30":18,"s:106:10:106:Infinity":36,"s:107:10:107:Infinity":37,"s:108:10:108:Infinity":38,"f:111:17:111:29":19,"s:112:10:112:Infinity":39,"s:113:10:113:Infinity":40,"s:114:10:114:Infinity":41,"s:115:10:115:Infinity":42,"s:118:8:118:Infinity":43,"s:119:8:119:Infinity":44,"f:125:9:125:24":20,"s:126:2:129:Infinity":45,"b:127:10:127:26:127:26:127:Infinity":6,"b:128:14:128:34:128:34:128:Infinity":7}}}
,"/Users/naily/Documents/Developer/ohosvscode/debugger/src/adapters/ws/debugger.ts": {"path":"/Users/naily/Documents/Developer/ohosvscode/debugger/src/adapters/ws/debugger.ts","statementMap":{"0":{"start":{"line":6,"column":31},"end":{"line":6,"column":55}},"1":{"start":{"line":9,"column":4},"end":{"line":12,"column":null}},"2":{"start":{"line":16,"column":4},"end":{"line":19,"column":null}},"3":{"start":{"line":23,"column":4},"end":{"line":26,"column":null}},"4":{"start":{"line":30,"column":4},"end":{"line":33,"column":null}},"5":{"start":{"line":37,"column":4},"end":{"line":40,"column":null}}},"fnMap":{"0":{"name":"(anonymous_0)","decl":{"start":{"line":6,"column":2},"end":{"line":6,"column":31}},"loc":{"start":{"line":6,"column":55},"end":{"line":6,"column":null}},"line":6},"1":{"name":"(anonymous_1)","decl":{"start":{"line":8,"column":2},"end":{"line":8,"column":37}},"loc":{"start":{"line":8,"column":159},"end":{"line":13,"column":null}},"line":8},"2":{"name":"(anonymous_2)","decl":{"start":{"line":15,"column":2},"end":{"line":15,"column":38}},"loc":{"start":{"line":15,"column":100},"end":{"line":20,"column":null}},"line":15},"3":{"name":"(anonymous_3)","decl":{"start":{"line":22,"column":2},"end":{"line":22,"column":53}},"loc":{"start":{"line":22,"column":207},"end":{"line":27,"column":null}},"line":22},"4":{"name":"(anonymous_4)","decl":{"start":{"line":29,"column":2},"end":{"line":29,"column":63}},"loc":{"start":{"line":29,"column":237},"end":{"line":34,"column":null}},"line":29},"5":{"name":"(anonymous_5)","decl":{"start":{"line":36,"column":2},"end":{"line":36,"column":29}},"loc":{"start":{"line":36,"column":29},"end":{"line":41,"column":null}},"line":36}},"branchMap":{},"s":{"0":1,"1":1,"2":0,"3":0,"4":0,"5":0},"f":{"0":1,"1":1,"2":0,"3":0,"4":0,"5":0},"b":{},"meta":{"lastBranch":0,"lastFunction":6,"lastStatement":6,"seen":{"f:6:2:6:31":0,"s:6:31:6:55":0,"f:8:2:8:37":1,"s:9:4:12:Infinity":1,"f:15:2:15:38":2,"s:16:4:19:Infinity":2,"f:22:2:22:53":3,"s:23:4:26:Infinity":3,"f:29:2:29:63":4,"s:30:4:33:Infinity":4,"f:36:2:36:29":5,"s:37:4:40:Infinity":5}}}
,"/Users/naily/Documents/Developer/ohosvscode/debugger/src/adapters/ws/index.ts": {"path":"/Users/naily/Documents/Developer/ohosvscode/debugger/src/adapters/ws/index.ts","statementMap":{},"fnMap":{},"branchMap":{},"s":{},"f":{},"b":{},"meta":{"lastBranch":0,"lastFunction":0,"lastStatement":0,"seen":{}}}
,"/Users/naily/Documents/Developer/ohosvscode/debugger/src/adapters/ws/runtime.ts": {"path":"/Users/naily/Documents/Developer/ohosvscode/debugger/src/adapters/ws/runtime.ts","statementMap":{"0":{"start":{"line":5,"column":31},"end":{"line":5,"column":55}},"1":{"start":{"line":8,"column":4},"end":{"line":11,"column":null}}},"fnMap":{"0":{"name":"(anonymous_0)","decl":{"start":{"line":5,"column":2},"end":{"line":5,"column":31}},"loc":{"start":{"line":5,"column":55},"end":{"line":5,"column":null}},"line":5},"1":{"name":"(anonymous_1)","decl":{"start":{"line":7,"column":2},"end":{"line":7,"column":37}},"loc":{"start":{"line":7,"column":148},"end":{"line":12,"column":null}},"line":7}},"branchMap":{},"s":{"0":1,"1":0},"f":{"0":1,"1":0},"b":{},"meta":{"lastBranch":0,"lastFunction":2,"lastStatement":2,"seen":{"f:5:2:5:31":0,"s:5:31:5:55":0,"f:7:2:7:37":1,"s:8:4:11:Infinity":1}}}
,"/Users/naily/Documents/Developer/ohosvscode/debugger/src/errors/base-exception.ts": {"path":"/Users/naily/Documents/Developer/ohosvscode/debugger/src/errors/base-exception.ts","statementMap":{"0":{"start":{"line":3,"column":4},"end":{"line":3,"column":null}},"1":{"start":{"line":2,"column":30},"end":{"line":2,"column":47}}},"fnMap":{"0":{"name":"(anonymous_0)","decl":{"start":{"line":2,"column":2},"end":{"line":2,"column":30}},"loc":{"start":{"line":2,"column":47},"end":{"line":4,"column":null}},"line":2}},"branchMap":{},"s":{"0":0,"1":0},"f":{"0":0},"b":{},"meta":{"lastBranch":0,"lastFunction":1,"lastStatement":2,"seen":{"f:2:2:2:30":0,"s:3:4:3:Infinity":0,"s:2:30:2:47":1}}}
,"/Users/naily/Documents/Developer/ohosvscode/debugger/src/errors/json-exception.ts": {"path":"/Users/naily/Documents/Developer/ohosvscode/debugger/src/errors/json-exception.ts","statementMap":{"0":{"start":{"line":5,"column":4},"end":{"line":5,"column":null}},"1":{"start":{"line":4,"column":30},"end":{"line":4,"column":63}},"2":{"start":{"line":4,"column":63},"end":{"line":4,"column":105}},"3":{"start":{"line":4,"column":105},"end":{"line":4,"column":122}},"4":{"start":{"line":7,"column":0},"end":{"line":9,"column":null}},"5":{"start":{"line":10,"column":9},"end":{"line":10,"column":null}},"6":{"start":{"line":11,"column":4},"end":{"line":11,"column":null}},"7":{"start":{"line":12,"column":4},"end":{"line":12,"column":null}},"8":{"start":{"line":13,"column":4},"end":{"line":13,"column":null}}},"fnMap":{"0":{"name":"(anonymous_0)","decl":{"start":{"line":4,"column":2},"end":{"line":4,"column":30}},"loc":{"start":{"line":4,"column":122},"end":{"line":6,"column":null}},"line":4},"1":{"name":"(anonymous_1)","decl":{"start":{"line":9,"column":7},"end":{"line":9,"column":17}},"loc":{"start":{"line":9,"column":7},"end":{"line":10,"column":null}},"line":9},"2":{"name":"(anonymous_2)","decl":{"start":{"line":10,"column":9},"end":{"line":10,"column":14}},"loc":{"start":{"line":10,"column":9},"end":{"line":13,"column":null}},"line":10}},"branchMap":{"0":{"loc":{"start":{"line":10,"column":14},"end":{"line":10,"column":null}},"type":"binary-expr","locations":[{"start":{"line":10,"column":14},"end":{"line":10,"column":null}},{"start":{"line":10,"column":14},"end":{"line":10,"column":null}}],"line":10},"1":{"loc":{"start":{"line":9,"column":17},"end":{"line":9,"column":null}},"type":"binary-expr","locations":[{"start":{"line":9,"column":17},"end":{"line":9,"column":null}},{"start":{"line":9,"column":17},"end":{"line":9,"column":null}}],"line":9}},"s":{"0":0,"1":0,"2":0,"3":0,"4":1,"5":1,"6":1,"7":1,"8":1},"f":{"0":0,"1":1,"2":1},"b":{"0":[1,1],"1":[1,0]},"meta":{"lastBranch":2,"lastFunction":3,"lastStatement":9,"seen":{"f:4:2:4:30":0,"s:5:4:5:Infinity":0,"s:4:30:4:63":1,"s:4:63:4:105":2,"s:4:105:4:122":3,"s:7:0:9:Infinity":4,"f:9:7:9:17":1,"s:10:9:10:Infinity":5,"f:10:9:10:14":2,"s:11:4:11:Infinity":6,"s:12:4:12:Infinity":7,"s:13:4:13:Infinity":8,"b:10:14:10:Infinity:10:14:10:Infinity":0,"b:9:17:9:Infinity:9:17:9:Infinity":1}}}
}
