{"/Users/naily/Documents/Developer/ohosvscode/debugger/src/adapter.ts": {"path":"/Users/naily/Documents/Developer/ohosvscode/debugger/src/adapter.ts","statementMap":{"0":{"start":{"line":44,"column":17},"end":{"line":44,"column":null}},"1":{"start":{"line":50,"column":9},"end":{"line":50,"column":null}},"2":{"start":{"line":52,"column":6},"end":{"line":52,"column":null}},"3":{"start":{"line":51,"column":11},"end":{"line":51,"column":23}},"4":{"start":{"line":60,"column":9},"end":{"line":60,"column":null}},"5":{"start":{"line":62,"column":6},"end":{"line":62,"column":null}},"6":{"start":{"line":61,"column":11},"end":{"line":61,"column":23}},"7":{"start":{"line":79,"column":9},"end":{"line":79,"column":null}},"8":{"start":{"line":81,"column":6},"end":{"line":81,"column":null}},"9":{"start":{"line":80,"column":11},"end":{"line":80,"column":23}},"10":{"start":{"line":91,"column":9},"end":{"line":91,"column":null}},"11":{"start":{"line":93,"column":6},"end":{"line":93,"column":null}},"12":{"start":{"line":92,"column":11},"end":{"line":92,"column":23}},"13":{"start":{"line":102,"column":9},"end":{"line":102,"column":null}},"14":{"start":{"line":104,"column":6},"end":{"line":104,"column":null}},"15":{"start":{"line":103,"column":11},"end":{"line":103,"column":23}}},"fnMap":{"0":{"name":"(anonymous_0)","decl":{"start":{"line":44,"column":7},"end":{"line":44,"column":17}},"loc":{"start":{"line":44,"column":7},"end":{"line":102,"column":null}},"line":44},"1":{"name":"(anonymous_1)","decl":{"start":{"line":50,"column":9},"end":{"line":50,"column":19}},"loc":{"start":{"line":50,"column":9},"end":{"line":51,"column":23}},"line":50},"2":{"name":"is","decl":{"start":{"line":51,"column":20},"end":{"line":51,"column":23}},"loc":{"start":{"line":51,"column":65},"end":{"line":53,"column":null}},"line":51},"3":{"name":"(anonymous_3)","decl":{"start":{"line":60,"column":9},"end":{"line":60,"column":19}},"loc":{"start":{"line":60,"column":9},"end":{"line":61,"column":23}},"line":60},"4":{"name":"is","decl":{"start":{"line":61,"column":20},"end":{"line":61,"column":23}},"loc":{"start":{"line":61,"column":70},"end":{"line":63,"column":null}},"line":61},"5":{"name":"(anonymous_5)","decl":{"start":{"line":79,"column":9},"end":{"line":79,"column":19}},"loc":{"start":{"line":79,"column":9},"end":{"line":80,"column":23}},"line":79},"6":{"name":"is","decl":{"start":{"line":80,"column":20},"end":{"line":80,"column":23}},"loc":{"start":{"line":80,"column":66},"end":{"line":82,"column":null}},"line":80},"7":{"name":"(anonymous_7)","decl":{"start":{"line":91,"column":9},"end":{"line":91,"column":19}},"loc":{"start":{"line":91,"column":9},"end":{"line":92,"column":23}},"line":91},"8":{"name":"is","decl":{"start":{"line":92,"column":20},"end":{"line":92,"column":23}},"loc":{"start":{"line":92,"column":69},"end":{"line":94,"column":null}},"line":92},"9":{"name":"(anonymous_9)","decl":{"start":{"line":102,"column":9},"end":{"line":102,"column":19}},"loc":{"start":{"line":102,"column":9},"end":{"line":103,"column":23}},"line":102},"10":{"name":"is","decl":{"start":{"line":103,"column":20},"end":{"line":103,"column":23}},"loc":{"start":{"line":103,"column":63},"end":{"line":105,"column":null}},"line":103}},"branchMap":{"0":{"loc":{"start":{"line":52,"column":13},"end":{"line":52,"column":null}},"type":"binary-expr","locations":[{"start":{"line":52,"column":13},"end":{"line":52,"column":42}},{"start":{"line":52,"column":42},"end":{"line":52,"column":60}},{"start":{"line":52,"column":60},"end":{"line":52,"column":77}},{"start":{"line":52,"column":77},"end":{"line":52,"column":null}}],"line":52},"1":{"loc":{"start":{"line":50,"column":19},"end":{"line":50,"column":null}},"type":"binary-expr","locations":[{"start":{"line":50,"column":19},"end":{"line":50,"column":null}},{"start":{"line":50,"column":19},"end":{"line":50,"column":null}}],"line":50},"2":{"loc":{"start":{"line":62,"column":13},"end":{"line":62,"column":null}},"type":"binary-expr","locations":[{"start":{"line":62,"column":13},"end":{"line":62,"column":42}},{"start":{"line":62,"column":42},"end":{"line":62,"column":null}}],"line":62},"3":{"loc":{"start":{"line":60,"column":19},"end":{"line":60,"column":null}},"type":"binary-expr","locations":[{"start":{"line":60,"column":19},"end":{"line":60,"column":null}},{"start":{"line":60,"column":19},"end":{"line":60,"column":null}}],"line":60},"4":{"loc":{"start":{"line":81,"column":13},"end":{"line":81,"column":null}},"type":"binary-expr","locations":[{"start":{"line":81,"column":13},"end":{"line":81,"column":42}},{"start":{"line":81,"column":42},"end":{"line":81,"column":60}},{"start":{"line":81,"column":60},"end":{"line":81,"column":77}},{"start":{"line":81,"column":77},"end":{"line":81,"column":null}}],"line":81},"5":{"loc":{"start":{"line":79,"column":19},"end":{"line":79,"column":null}},"type":"binary-expr","locations":[{"start":{"line":79,"column":19},"end":{"line":79,"column":null}},{"start":{"line":79,"column":19},"end":{"line":79,"column":null}}],"line":79},"6":{"loc":{"start":{"line":93,"column":13},"end":{"line":93,"column":null}},"type":"binary-expr","locations":[{"start":{"line":93,"column":13},"end":{"line":93,"column":42}},{"start":{"line":93,"column":42},"end":{"line":93,"column":60}},{"start":{"line":93,"column":60},"end":{"line":93,"column":79}},{"start":{"line":93,"column":79},"end":{"line":93,"column":101}},{"start":{"line":93,"column":101},"end":{"line":93,"column":null}}],"line":93},"7":{"loc":{"start":{"line":91,"column":19},"end":{"line":91,"column":null}},"type":"binary-expr","locations":[{"start":{"line":91,"column":19},"end":{"line":91,"column":null}},{"start":{"line":91,"column":19},"end":{"line":91,"column":null}}],"line":91},"8":{"loc":{"start":{"line":104,"column":13},"end":{"line":104,"column":null}},"type":"binary-expr","locations":[{"start":{"line":104,"column":13},"end":{"line":104,"column":42}},{"start":{"line":104,"column":42},"end":{"line":104,"column":60}},{"start":{"line":104,"column":60},"end":{"line":104,"column":77}},{"start":{"line":104,"column":77},"end":{"line":104,"column":97}},{"start":{"line":104,"column":97},"end":{"line":104,"column":null}}],"line":104},"9":{"loc":{"start":{"line":102,"column":19},"end":{"line":102,"column":null}},"type":"binary-expr","locations":[{"start":{"line":102,"column":19},"end":{"line":102,"column":null}},{"start":{"line":102,"column":19},"end":{"line":102,"column":null}}],"line":102},"10":{"loc":{"start":{"line":44,"column":17},"end":{"line":44,"column":null}},"type":"binary-expr","locations":[{"start":{"line":44,"column":17},"end":{"line":44,"column":null}},{"start":{"line":44,"column":17},"end":{"line":44,"column":null}}],"line":44}},"s":{"0":1,"1":1,"2":0,"3":1,"4":1,"5":0,"6":1,"7":1,"8":3,"9":1,"10":1,"11":0,"12":1,"13":1,"14":0,"15":1},"f":{"0":1,"1":1,"2":0,"3":1,"4":0,"5":1,"6":3,"7":1,"8":0,"9":1,"10":0},"b":{"0":[0,0,0,0],"1":[1,1],"2":[0,0],"3":[1,1],"4":[3,3,3,3],"5":[1,1],"6":[0,0,0,0,0],"7":[1,1],"8":[0,0,0,0,0],"9":[1,1],"10":[1,1]},"meta":{"lastBranch":11,"lastFunction":11,"lastStatement":16,"seen":{"s:44:17:44:Infinity":0,"f:44:7:44:17":0,"s:50:9:50:Infinity":1,"f:50:9:50:19":1,"f:51:20:51:23":2,"s:52:6:52:Infinity":2,"b:52:13:52:42:52:42:52:60:52:60:52:77:52:77:52:Infinity":0,"s:51:11:51:23":3,"b:50:19:50:Infinity:50:19:50:Infinity":1,"s:60:9:60:Infinity":4,"f:60:9:60:19":3,"f:61:20:61:23":4,"s:62:6:62:Infinity":5,"b:62:13:62:42:62:42:62:Infinity":2,"s:61:11:61:23":6,"b:60:19:60:Infinity:60:19:60:Infinity":3,"s:79:9:79:Infinity":7,"f:79:9:79:19":5,"f:80:20:80:23":6,"s:81:6:81:Infinity":8,"b:81:13:81:42:81:42:81:60:81:60:81:77:81:77:81:Infinity":4,"s:80:11:80:23":9,"b:79:19:79:Infinity:79:19:79:Infinity":5,"s:91:9:91:Infinity":10,"f:91:9:91:19":7,"f:92:20:92:23":8,"s:93:6:93:Infinity":11,"b:93:13:93:42:93:42:93:60:93:60:93:79:93:79:93:101:93:101:93:Infinity":6,"s:92:11:92:23":12,"b:91:19:91:Infinity:91:19:91:Infinity":7,"s:102:9:102:Infinity":13,"f:102:9:102:19":9,"f:103:20:103:23":10,"s:104:6:104:Infinity":14,"b:104:13:104:42:104:42:104:60:104:60:104:77:104:77:104:97:104:97:104:Infinity":8,"s:103:11:103:23":15,"b:102:19:102:Infinity:102:19:102:Infinity":9,"b:44:17:44:Infinity:44:17:44:Infinity":10}}}
,"/Users/naily/Documents/Developer/ohosvscode/debugger/src/base-adapter.ts": {"path":"/Users/naily/Documents/Developer/ohosvscode/debugger/src/base-adapter.ts","statementMap":{"0":{"start":{"line":7,"column":4},"end":{"line":27,"column":null}},"1":{"start":{"line":8,"column":19},"end":{"line":8,"column":null}},"2":{"start":{"line":9,"column":6},"end":{"line":20,"column":null}},"3":{"start":{"line":10,"column":8},"end":{"line":10,"column":null}},"4":{"start":{"line":11,"column":6},"end":{"line":20,"column":null}},"5":{"start":{"line":13,"column":8},"end":{"line":13,"column":null}},"6":{"start":{"line":14,"column":6},"end":{"line":20,"column":null}},"7":{"start":{"line":16,"column":8},"end":{"line":16,"column":null}},"8":{"start":{"line":19,"column":8},"end":{"line":19,"column":null}},"9":{"start":{"line":23,"column":6},"end":{"line":26,"column":null}},"10":{"start":{"line":31,"column":4},"end":{"line":51,"column":null}},"11":{"start":{"line":32,"column":19},"end":{"line":32,"column":null}},"12":{"start":{"line":33,"column":6},"end":{"line":44,"column":null}},"13":{"start":{"line":34,"column":8},"end":{"line":34,"column":null}},"14":{"start":{"line":35,"column":6},"end":{"line":44,"column":null}},"15":{"start":{"line":37,"column":8},"end":{"line":37,"column":null}},"16":{"start":{"line":38,"column":6},"end":{"line":44,"column":null}},"17":{"start":{"line":40,"column":8},"end":{"line":40,"column":null}},"18":{"start":{"line":43,"column":8},"end":{"line":43,"column":null}},"19":{"start":{"line":47,"column":6},"end":{"line":50,"column":null}},"20":{"start":{"line":55,"column":4},"end":{"line":69,"column":null}},"21":{"start":{"line":56,"column":19},"end":{"line":56,"column":null}},"22":{"start":{"line":57,"column":6},"end":{"line":65,"column":null}},"23":{"start":{"line":58,"column":8},"end":{"line":58,"column":null}},"24":{"start":{"line":59,"column":6},"end":{"line":65,"column":null}},"25":{"start":{"line":61,"column":8},"end":{"line":61,"column":null}},"26":{"start":{"line":64,"column":8},"end":{"line":64,"column":null}},"27":{"start":{"line":68,"column":6},"end":{"line":68,"column":null}}},"fnMap":{"0":{"name":"(anonymous_0)","decl":{"start":{"line":6,"column":18},"end":{"line":6,"column":85}},"loc":{"start":{"line":6,"column":169},"end":{"line":28,"column":null}},"line":6},"1":{"name":"(anonymous_1)","decl":{"start":{"line":30,"column":18},"end":{"line":30,"column":101}},"loc":{"start":{"line":30,"column":212},"end":{"line":52,"column":null}},"line":30},"2":{"name":"(anonymous_2)","decl":{"start":{"line":54,"column":18},"end":{"line":54,"column":103}},"loc":{"start":{"line":54,"column":198},"end":{"line":70,"column":null}},"line":54}},"branchMap":{"0":{"loc":{"start":{"line":8,"column":19},"end":{"line":8,"column":null}},"type":"cond-expr","locations":[{"start":{"line":8,"column":49},"end":{"line":8,"column":87}},{"start":{"line":8,"column":87},"end":{"line":8,"column":null}}],"line":8},"1":{"loc":{"start":{"line":9,"column":6},"end":{"line":20,"column":null}},"type":"if","locations":[{"start":{"line":9,"column":6},"end":{"line":20,"column":null}},{"start":{"line":11,"column":6},"end":{"line":20,"column":null}}],"line":9},"2":{"loc":{"start":{"line":11,"column":6},"end":{"line":20,"column":null}},"type":"if","locations":[{"start":{"line":11,"column":6},"end":{"line":20,"column":null}},{"start":{"line":14,"column":6},"end":{"line":20,"column":null}}],"line":11},"3":{"loc":{"start":{"line":14,"column":6},"end":{"line":20,"column":null}},"type":"if","locations":[{"start":{"line":14,"column":6},"end":{"line":20,"column":null}},{"start":{"line":18,"column":11},"end":{"line":20,"column":null}}],"line":14},"4":{"loc":{"start":{"line":32,"column":19},"end":{"line":32,"column":null}},"type":"cond-expr","locations":[{"start":{"line":32,"column":49},"end":{"line":32,"column":87}},{"start":{"line":32,"column":87},"end":{"line":32,"column":null}}],"line":32},"5":{"loc":{"start":{"line":33,"column":6},"end":{"line":44,"column":null}},"type":"if","locations":[{"start":{"line":33,"column":6},"end":{"line":44,"column":null}},{"start":{"line":35,"column":6},"end":{"line":44,"column":null}}],"line":33},"6":{"loc":{"start":{"line":35,"column":6},"end":{"line":44,"column":null}},"type":"if","locations":[{"start":{"line":35,"column":6},"end":{"line":44,"column":null}},{"start":{"line":38,"column":6},"end":{"line":44,"column":null}}],"line":35},"7":{"loc":{"start":{"line":38,"column":6},"end":{"line":44,"column":null}},"type":"if","locations":[{"start":{"line":38,"column":6},"end":{"line":44,"column":null}},{"start":{"line":42,"column":11},"end":{"line":44,"column":null}}],"line":38},"8":{"loc":{"start":{"line":56,"column":19},"end":{"line":56,"column":null}},"type":"cond-expr","locations":[{"start":{"line":56,"column":49},"end":{"line":56,"column":87}},{"start":{"line":56,"column":87},"end":{"line":56,"column":null}}],"line":56},"9":{"loc":{"start":{"line":57,"column":6},"end":{"line":65,"column":null}},"type":"if","locations":[{"start":{"line":57,"column":6},"end":{"line":65,"column":null}},{"start":{"line":59,"column":6},"end":{"line":65,"column":null}}],"line":57},"10":{"loc":{"start":{"line":59,"column":6},"end":{"line":65,"column":null}},"type":"if","locations":[{"start":{"line":59,"column":6},"end":{"line":65,"column":null}},{"start":{"line":63,"column":11},"end":{"line":65,"column":null}}],"line":59}},"s":{"0":1,"1":1,"2":1,"3":1,"4":0,"5":0,"6":0,"7":0,"8":0,"9":0,"10":0,"11":0,"12":0,"13":0,"14":0,"15":0,"16":0,"17":0,"18":0,"19":0,"20":1,"21":1,"22":1,"23":1,"24":0,"25":0,"26":0,"27":0},"f":{"0":1,"1":0,"2":1},"b":{"0":[1,0],"1":[1,0],"2":[0,0],"3":[0,0],"4":[0,0],"5":[0,0],"6":[0,0],"7":[0,0],"8":[1,0],"9":[1,0],"10":[0,0]},"meta":{"lastBranch":11,"lastFunction":3,"lastStatement":28,"seen":{"f:6:18:6:85":0,"s:7:4:27:Infinity":0,"s:8:19:8:Infinity":1,"b:8:49:8:87:8:87:8:Infinity":0,"b:9:6:20:Infinity:11:6:20:Infinity":1,"s:9:6:20:Infinity":2,"s:10:8:10:Infinity":3,"b:11:6:20:Infinity:14:6:20:Infinity":2,"s:11:6:20:Infinity":4,"s:13:8:13:Infinity":5,"b:14:6:20:Infinity:18:11:20:Infinity":3,"s:14:6:20:Infinity":6,"s:16:8:16:Infinity":7,"s:19:8:19:Infinity":8,"s:23:6:26:Infinity":9,"f:30:18:30:101":1,"s:31:4:51:Infinity":10,"s:32:19:32:Infinity":11,"b:32:49:32:87:32:87:32:Infinity":4,"b:33:6:44:Infinity:35:6:44:Infinity":5,"s:33:6:44:Infinity":12,"s:34:8:34:Infinity":13,"b:35:6:44:Infinity:38:6:44:Infinity":6,"s:35:6:44:Infinity":14,"s:37:8:37:Infinity":15,"b:38:6:44:Infinity:42:11:44:Infinity":7,"s:38:6:44:Infinity":16,"s:40:8:40:Infinity":17,"s:43:8:43:Infinity":18,"s:47:6:50:Infinity":19,"f:54:18:54:103":2,"s:55:4:69:Infinity":20,"s:56:19:56:Infinity":21,"b:56:49:56:87:56:87:56:Infinity":8,"b:57:6:65:Infinity:59:6:65:Infinity":9,"s:57:6:65:Infinity":22,"s:58:8:58:Infinity":23,"b:59:6:65:Infinity:63:11:65:Infinity":10,"s:59:6:65:Infinity":24,"s:61:8:61:Infinity":25,"s:64:8:64:Infinity":26,"s:68:6:68:Infinity":27}}}
,"/Users/naily/Documents/Developer/ohosvscode/debugger/src/connection.ts": {"path":"/Users/naily/Documents/Developer/ohosvscode/debugger/src/connection.ts","statementMap":{"0":{"start":{"line":59,"column":26},"end":{"line":59,"column":null}},"1":{"start":{"line":61,"column":2},"end":{"line":61,"column":null}},"2":{"start":{"line":62,"column":2},"end":{"line":62,"column":null}},"3":{"start":{"line":64,"column":14},"end":{"line":64,"column":null}},"4":{"start":{"line":66,"column":2},"end":{"line":66,"column":null}},"5":{"start":{"line":69,"column":2},"end":{"line":69,"column":null}},"6":{"start":{"line":70,"column":2},"end":{"line":70,"column":null}},"7":{"start":{"line":72,"column":21},"end":{"line":72,"column":null}},"8":{"start":{"line":73,"column":18},"end":{"line":73,"column":null}},"9":{"start":{"line":74,"column":2},"end":{"line":74,"column":null}},"10":{"start":{"line":75,"column":2},"end":{"line":75,"column":null}},"11":{"start":{"line":83,"column":4},"end":{"line":83,"column":null}},"12":{"start":{"line":80,"column":21},"end":{"line":80,"column":null}},"13":{"start":{"line":81,"column":21},"end":{"line":81,"column":null}},"14":{"start":{"line":84,"column":4},"end":{"line":84,"column":null}},"15":{"start":{"line":84,"column":33},"end":{"line":84,"column":null}},"16":{"start":{"line":84,"column":71},"end":{"line":84,"column":104}},"17":{"start":{"line":90,"column":4},"end":{"line":90,"column":null}},"18":{"start":{"line":91,"column":4},"end":{"line":91,"column":null}},"19":{"start":{"line":95,"column":4},"end":{"line":95,"column":null}},"20":{"start":{"line":99,"column":4},"end":{"line":99,"column":null}},"21":{"start":{"line":103,"column":4},"end":{"line":103,"column":null}},"22":{"start":{"line":107,"column":4},"end":{"line":107,"column":null}},"23":{"start":{"line":107,"column":24},"end":{"line":107,"column":null}},"24":{"start":{"line":108,"column":4},"end":{"line":108,"column":null}},"25":{"start":{"line":112,"column":4},"end":{"line":112,"column":null}},"26":{"start":{"line":116,"column":4},"end":{"line":116,"column":null}},"27":{"start":{"line":120,"column":4},"end":{"line":120,"column":null}},"28":{"start":{"line":124,"column":4},"end":{"line":124,"column":null}},"29":{"start":{"line":128,"column":4},"end":{"line":128,"column":null}},"30":{"start":{"line":132,"column":4},"end":{"line":132,"column":null}},"31":{"start":{"line":136,"column":4},"end":{"line":136,"column":null}},"32":{"start":{"line":140,"column":4},"end":{"line":140,"column":null}},"33":{"start":{"line":144,"column":4},"end":{"line":144,"column":null}},"34":{"start":{"line":148,"column":4},"end":{"line":148,"column":null}},"35":{"start":{"line":152,"column":4},"end":{"line":152,"column":null}},"36":{"start":{"line":153,"column":4},"end":{"line":153,"column":null}},"37":{"start":{"line":158,"column":2},"end":{"line":164,"column":null}},"38":{"start":{"line":168,"column":2},"end":{"line":173,"column":null}},"39":{"start":{"line":169,"column":4},"end":{"line":172,"column":null}},"40":{"start":{"line":170,"column":6},"end":{"line":170,"column":null}},"41":{"start":{"line":170,"column":15},"end":{"line":170,"column":null}},"42":{"start":{"line":171,"column":6},"end":{"line":171,"column":null}},"43":{"start":{"line":177,"column":13},"end":{"line":177,"column":null}},"44":{"start":{"line":178,"column":2},"end":{"line":183,"column":null}},"45":{"start":{"line":179,"column":4},"end":{"line":179,"column":null}},"46":{"start":{"line":182,"column":4},"end":{"line":182,"column":null}},"47":{"start":{"line":185,"column":16},"end":{"line":185,"column":null}},"48":{"start":{"line":186,"column":18},"end":{"line":186,"column":null}},"49":{"start":{"line":186,"column":90},"end":{"line":186,"column":103}},"50":{"start":{"line":188,"column":2},"end":{"line":203,"column":null}},"51":{"start":{"line":189,"column":4},"end":{"line":189,"column":null}},"52":{"start":{"line":189,"column":32},"end":{"line":189,"column":53}},"53":{"start":{"line":189,"column":56},"end":{"line":189,"column":null}},"54":{"start":{"line":191,"column":19},"end":{"line":191,"column":null}},"55":{"start":{"line":192,"column":17},"end":{"line":192,"column":null}},"56":{"start":{"line":193,"column":17},"end":{"line":193,"column":null}},"57":{"start":{"line":195,"column":4},"end":{"line":202,"column":null}},"58":{"start":{"line":196,"column":6},"end":{"line":201,"column":null}},"59":{"start":{"line":197,"column":8},"end":{"line":197,"column":null}},"60":{"start":{"line":207,"column":2},"end":{"line":207,"column":null}},"61":{"start":{"line":208,"column":2},"end":{"line":208,"column":null}},"62":{"start":{"line":212,"column":2},"end":{"line":247,"column":null}},"63":{"start":{"line":213,"column":18},"end":{"line":213,"column":null}},"64":{"start":{"line":214,"column":19},"end":{"line":214,"column":null}},"65":{"start":{"line":216,"column":20},"end":{"line":219,"column":null}},"66":{"start":{"line":217,"column":6},"end":{"line":217,"column":null}},"67":{"start":{"line":217,"column":35},"end":{"line":217,"column":null}},"68":{"start":{"line":218,"column":6},"end":{"line":218,"column":null}},"69":{"start":{"line":218,"column":30},"end":{"line":218,"column":null}},"70":{"start":{"line":221,"column":18},"end":{"line":223,"column":null}},"71":{"start":{"line":222,"column":6},"end":{"line":222,"column":null}},"72":{"start":{"line":225,"column":4},"end":{"line":239,"column":null}},"73":{"start":{"line":226,"column":20},"end":{"line":226,"column":null}},"74":{"start":{"line":227,"column":6},"end":{"line":238,"column":null}},"75":{"start":{"line":228,"column":8},"end":{"line":228,"column":null}},"76":{"start":{"line":228,"column":56},"end":{"line":228,"column":null}},"77":{"start":{"line":230,"column":20},"end":{"line":230,"column":null}},"78":{"start":{"line":231,"column":8},"end":{"line":237,"column":null}},"79":{"start":{"line":232,"column":10},"end":{"line":232,"column":null}},"80":{"start":{"line":233,"column":10},"end":{"line":233,"column":null}},"81":{"start":{"line":234,"column":10},"end":{"line":234,"column":null}},"82":{"start":{"line":235,"column":10},"end":{"line":235,"column":null}},"83":{"start":{"line":236,"column":10},"end":{"line":236,"column":null}},"84":{"start":{"line":241,"column":4},"end":{"line":241,"column":null}},"85":{"start":{"line":241,"column":29},"end":{"line":241,"column":41}},"86":{"start":{"line":242,"column":4},"end":{"line":246,"column":null}},"87":{"start":{"line":243,"column":6},"end":{"line":243,"column":null}},"88":{"start":{"line":243,"column":20},"end":{"line":243,"column":null}},"89":{"start":{"line":244,"column":6},"end":{"line":244,"column":null}},"90":{"start":{"line":245,"column":6},"end":{"line":245,"column":null}},"91":{"start":{"line":251,"column":17},"end":{"line":251,"column":null}},"92":{"start":{"line":252,"column":2},"end":{"line":252,"column":null}},"93":{"start":{"line":252,"column":31},"end":{"line":252,"column":null}}},"fnMap":{"0":{"name":"createConnection","decl":{"start":{"line":58,"column":22},"end":{"line":58,"column":39}},"loc":{"start":{"line":58,"column":89},"end":{"line":76,"column":null}},"line":58},"1":{"name":"(anonymous_1)","decl":{"start":{"line":79,"column":2},"end":{"line":79,"column":null}},"loc":{"start":{"line":82,"column":4},"end":{"line":85,"column":null}},"line":82},"2":{"name":"(anonymous_2)","decl":{"start":{"line":84,"column":59},"end":{"line":84,"column":71}},"loc":{"start":{"line":84,"column":71},"end":{"line":84,"column":104}},"line":84},"3":{"name":"(anonymous_3)","decl":{"start":{"line":89,"column":2},"end":{"line":89,"column":13}},"loc":{"start":{"line":89,"column":37},"end":{"line":92,"column":null}},"line":89},"4":{"name":"(anonymous_4)","decl":{"start":{"line":94,"column":2},"end":{"line":94,"column":30}},"loc":{"start":{"line":94,"column":30},"end":{"line":96,"column":null}},"line":94},"5":{"name":"(anonymous_5)","decl":{"start":{"line":98,"column":2},"end":{"line":98,"column":63}},"loc":{"start":{"line":98,"column":159},"end":{"line":100,"column":null}},"line":98},"6":{"name":"(anonymous_6)","decl":{"start":{"line":102,"column":2},"end":{"line":102,"column":79}},"loc":{"start":{"line":102,"column":198},"end":{"line":104,"column":null}},"line":102},"7":{"name":"(anonymous_7)","decl":{"start":{"line":106,"column":2},"end":{"line":106,"column":24}},"loc":{"start":{"line":106,"column":24},"end":{"line":109,"column":null}},"line":106},"8":{"name":"(anonymous_8)","decl":{"start":{"line":111,"column":2},"end":{"line":111,"column":99}},"loc":{"start":{"line":111,"column":220},"end":{"line":113,"column":null}},"line":111},"9":{"name":"(anonymous_9)","decl":{"start":{"line":115,"column":2},"end":{"line":115,"column":65}},"loc":{"start":{"line":115,"column":136},"end":{"line":117,"column":null}},"line":115},"10":{"name":"(anonymous_10)","decl":{"start":{"line":119,"column":8},"end":{"line":119,"column":56}},"loc":{"start":{"line":119,"column":56},"end":{"line":121,"column":null}},"line":119},"11":{"name":"(anonymous_11)","decl":{"start":{"line":123,"column":8},"end":{"line":123,"column":54}},"loc":{"start":{"line":123,"column":54},"end":{"line":125,"column":null}},"line":123},"12":{"name":"(anonymous_12)","decl":{"start":{"line":127,"column":2},"end":{"line":127,"column":19}},"loc":{"start":{"line":127,"column":19},"end":{"line":129,"column":null}},"line":127},"13":{"name":"(anonymous_13)","decl":{"start":{"line":131,"column":2},"end":{"line":131,"column":28}},"loc":{"start":{"line":131,"column":28},"end":{"line":133,"column":null}},"line":131},"14":{"name":"(anonymous_14)","decl":{"start":{"line":135,"column":2},"end":{"line":135,"column":27}},"loc":{"start":{"line":135,"column":27},"end":{"line":137,"column":null}},"line":135},"15":{"name":"(anonymous_15)","decl":{"start":{"line":139,"column":2},"end":{"line":139,"column":26}},"loc":{"start":{"line":139,"column":26},"end":{"line":141,"column":null}},"line":139},"16":{"name":"(anonymous_16)","decl":{"start":{"line":143,"column":2},"end":{"line":143,"column":27}},"loc":{"start":{"line":143,"column":27},"end":{"line":145,"column":null}},"line":143},"17":{"name":"(anonymous_17)","decl":{"start":{"line":147,"column":2},"end":{"line":147,"column":27}},"loc":{"start":{"line":147,"column":27},"end":{"line":149,"column":null}},"line":147},"18":{"name":"(anonymous_18)","decl":{"start":{"line":151,"column":8},"end":{"line":151,"column":69}},"loc":{"start":{"line":151,"column":69},"end":{"line":154,"column":null}},"line":151},"19":{"name":"resolveOptions","decl":{"start":{"line":157,"column":22},"end":{"line":157,"column":37}},"loc":{"start":{"line":157,"column":103},"end":{"line":165,"column":null}},"line":157},"20":{"name":"runHdc","decl":{"start":{"line":167,"column":15},"end":{"line":167,"column":22}},"loc":{"start":{"line":167,"column":72},"end":{"line":174,"column":null}},"line":167},"21":{"name":"(anonymous_21)","decl":{"start":{"line":168,"column":21},"end":{"line":168,"column":22}},"loc":{"start":{"line":168,"column":42},"end":{"line":173,"column":3}},"line":168},"22":{"name":"(anonymous_22)","decl":{"start":{"line":169,"column":64},"end":{"line":169,"column":65}},"loc":{"start":{"line":169,"column":89},"end":{"line":172,"column":5}},"line":169},"23":{"name":"forceClearPorts","decl":{"start":{"line":176,"column":15},"end":{"line":176,"column":31}},"loc":{"start":{"line":176,"column":91},"end":{"line":204,"column":null}},"line":176},"24":{"name":"(anonymous_24)","decl":{"start":{"line":186,"column":82},"end":{"line":186,"column":90}},"loc":{"start":{"line":186,"column":90},"end":{"line":186,"column":103}},"line":186},"25":{"name":"(anonymous_25)","decl":{"start":{"line":189,"column":22},"end":{"line":189,"column":32}},"loc":{"start":{"line":189,"column":32},"end":{"line":189,"column":53}},"line":189},"26":{"name":"restartApp","decl":{"start":{"line":206,"column":15},"end":{"line":206,"column":26}},"loc":{"start":{"line":206,"column":86},"end":{"line":209,"column":null}},"line":206},"27":{"name":"waitForPid","decl":{"start":{"line":211,"column":15},"end":{"line":211,"column":26}},"loc":{"start":{"line":211,"column":108},"end":{"line":248,"column":null}},"line":211},"28":{"name":"(anonymous_28)","decl":{"start":{"line":212,"column":21},"end":{"line":212,"column":22}},"loc":{"start":{"line":212,"column":42},"end":{"line":247,"column":3}},"line":212},"29":{"name":"(anonymous_29)","decl":{"start":{"line":216,"column":20},"end":{"line":216,"column":21}},"loc":{"start":{"line":216,"column":41},"end":{"line":219,"column":null}},"line":216},"30":{"name":"(anonymous_30)","decl":{"start":{"line":221,"column":29},"end":{"line":221,"column":35}},"loc":{"start":{"line":221,"column":35},"end":{"line":223,"column":7}},"line":221},"31":{"name":"(anonymous_31)","decl":{"start":{"line":225,"column":28},"end":{"line":225,"column":29}},"loc":{"start":{"line":225,"column":39},"end":{"line":239,"column":5}},"line":225},"32":{"name":"(anonymous_32)","decl":{"start":{"line":241,"column":22},"end":{"line":241,"column":29}},"loc":{"start":{"line":241,"column":29},"end":{"line":241,"column":41}},"line":241},"33":{"name":"(anonymous_33)","decl":{"start":{"line":242,"column":22},"end":{"line":242,"column":23}},"loc":{"start":{"line":242,"column":32},"end":{"line":246,"column":5}},"line":242},"34":{"name":"bindPort","decl":{"start":{"line":250,"column":15},"end":{"line":250,"column":24}},"loc":{"start":{"line":250,"column":74},"end":{"line":253,"column":null}},"line":250}},"branchMap":{"0":{"loc":{"start":{"line":84,"column":4},"end":{"line":84,"column":null}},"type":"if","locations":[{"start":{"line":84,"column":4},"end":{"line":84,"column":null}},{"start":{},"end":{}}],"line":84},"1":{"loc":{"start":{"line":107,"column":4},"end":{"line":107,"column":null}},"type":"if","locations":[{"start":{"line":107,"column":4},"end":{"line":107,"column":null}},{"start":{},"end":{}}],"line":107},"2":{"loc":{"start":{"line":161,"column":17},"end":{"line":161,"column":null}},"type":"binary-expr","locations":[{"start":{"line":161,"column":17},"end":{"line":161,"column":40}},{"start":{"line":161,"column":40},"end":{"line":161,"column":null}}],"line":161},"3":{"loc":{"start":{"line":162,"column":17},"end":{"line":162,"column":null}},"type":"binary-expr","locations":[{"start":{"line":162,"column":17},"end":{"line":162,"column":40}},{"start":{"line":162,"column":40},"end":{"line":162,"column":null}}],"line":162},"4":{"loc":{"start":{"line":163,"column":18},"end":{"line":163,"column":null}},"type":"binary-expr","locations":[{"start":{"line":163,"column":18},"end":{"line":163,"column":42}},{"start":{"line":163,"column":42},"end":{"line":163,"column":null}}],"line":163},"5":{"loc":{"start":{"line":167,"column":38},"end":{"line":167,"column":72}},"type":"default-arg","locations":[{"start":{"line":167,"column":48},"end":{"line":167,"column":72}}],"line":167},"6":{"loc":{"start":{"line":170,"column":6},"end":{"line":170,"column":null}},"type":"if","locations":[{"start":{"line":170,"column":6},"end":{"line":170,"column":null}},{"start":{},"end":{}}],"line":170},"7":{"loc":{"start":{"line":171,"column":17},"end":{"line":171,"column":29}},"type":"binary-expr","locations":[{"start":{"line":171,"column":17},"end":{"line":171,"column":27}},{"start":{"line":171,"column":27},"end":{"line":171,"column":29}}],"line":171},"8":{"loc":{"start":{"line":171,"column":32},"end":{"line":171,"column":44}},"type":"binary-expr","locations":[{"start":{"line":171,"column":32},"end":{"line":171,"column":42}},{"start":{"line":171,"column":42},"end":{"line":171,"column":44}}],"line":171},"9":{"loc":{"start":{"line":189,"column":4},"end":{"line":189,"column":null}},"type":"if","locations":[{"start":{"line":189,"column":4},"end":{"line":189,"column":null}},{"start":{},"end":{}}],"line":189},"10":{"loc":{"start":{"line":195,"column":4},"end":{"line":202,"column":null}},"type":"if","locations":[{"start":{"line":195,"column":4},"end":{"line":202,"column":null}},{"start":{},"end":{}}],"line":195},"11":{"loc":{"start":{"line":195,"column":8},"end":{"line":195,"column":22}},"type":"binary-expr","locations":[{"start":{"line":195,"column":8},"end":{"line":195,"column":16}},{"start":{"line":195,"column":16},"end":{"line":195,"column":22}}],"line":195},"12":{"loc":{"start":{"line":211,"column":71},"end":{"line":211,"column":108}},"type":"default-arg","locations":[{"start":{"line":211,"column":83},"end":{"line":211,"column":108}}],"line":211},"13":{"loc":{"start":{"line":217,"column":6},"end":{"line":217,"column":null}},"type":"if","locations":[{"start":{"line":217,"column":6},"end":{"line":217,"column":null}},{"start":{},"end":{}}],"line":217},"14":{"loc":{"start":{"line":218,"column":6},"end":{"line":218,"column":null}},"type":"if","locations":[{"start":{"line":218,"column":6},"end":{"line":218,"column":null}},{"start":{},"end":{}}],"line":218},"15":{"loc":{"start":{"line":218,"column":10},"end":{"line":218,"column":30}},"type":"binary-expr","locations":[{"start":{"line":218,"column":10},"end":{"line":218,"column":23}},{"start":{"line":218,"column":23},"end":{"line":218,"column":30}}],"line":218},"16":{"loc":{"start":{"line":218,"column":37},"end":{"line":218,"column":94}},"type":"cond-expr","locations":[{"start":{"line":218,"column":62},"end":{"line":218,"column":70}},{"start":{"line":218,"column":70},"end":{"line":218,"column":94}}],"line":218},"17":{"loc":{"start":{"line":228,"column":8},"end":{"line":228,"column":null}},"type":"if","locations":[{"start":{"line":228,"column":8},"end":{"line":228,"column":null}},{"start":{},"end":{}}],"line":228},"18":{"loc":{"start":{"line":231,"column":8},"end":{"line":237,"column":null}},"type":"if","locations":[{"start":{"line":231,"column":8},"end":{"line":237,"column":null}},{"start":{},"end":{}}],"line":231},"19":{"loc":{"start":{"line":243,"column":6},"end":{"line":243,"column":null}},"type":"if","locations":[{"start":{"line":243,"column":6},"end":{"line":243,"column":null}},{"start":{},"end":{}}],"line":243},"20":{"loc":{"start":{"line":245,"column":47},"end":{"line":245,"column":64}},"type":"binary-expr","locations":[{"start":{"line":245,"column":47},"end":{"line":245,"column":55}},{"start":{"line":245,"column":55},"end":{"line":245,"column":64}}],"line":245},"21":{"loc":{"start":{"line":252,"column":2},"end":{"line":252,"column":null}},"type":"if","locations":[{"start":{"line":252,"column":2},"end":{"line":252,"column":null}},{"start":{},"end":{}}],"line":252}},"s":{"0":1,"1":1,"2":1,"3":1,"4":1,"5":1,"6":1,"7":1,"8":1,"9":1,"10":1,"11":1,"12":1,"13":1,"14":1,"15":0,"16":0,"17":1,"18":1,"19":0,"20":1,"21":0,"22":2,"23":0,"24":2,"25":0,"26":0,"27":1,"28":0,"29":1,"30":1,"31":1,"32":0,"33":0,"34":0,"35":1,"36":1,"37":1,"38":8,"39":8,"40":8,"41":0,"42":8,"43":2,"44":2,"45":2,"46":0,"47":2,"48":2,"49":4,"50":2,"51":3,"52":5,"53":1,"54":2,"55":2,"56":2,"57":2,"58":2,"59":2,"60":1,"61":1,"62":1,"63":1,"64":1,"65":1,"66":1,"67":1,"68":1,"69":0,"70":1,"71":0,"72":1,"73":2,"74":2,"75":4,"76":3,"77":1,"78":1,"79":1,"80":1,"81":1,"82":1,"83":1,"84":1,"85":0,"86":1,"87":1,"88":1,"89":0,"90":0,"91":2,"92":2,"93":0},"f":{"0":1,"1":1,"2":0,"3":1,"4":0,"5":1,"6":0,"7":2,"8":0,"9":0,"10":1,"11":0,"12":1,"13":1,"14":1,"15":0,"16":0,"17":0,"18":1,"19":1,"20":8,"21":8,"22":8,"23":2,"24":4,"25":5,"26":1,"27":1,"28":1,"29":1,"30":0,"31":2,"32":0,"33":1,"34":2},"b":{"0":[0,1],"1":[0,2],"2":[1,1],"3":[1,1],"4":[1,1],"5":[8],"6":[0,8],"7":[8,0],"8":[8,0],"9":[1,2],"10":[2,0],"11":[2,2],"12":[1],"13":[1,0],"14":[0,1],"15":[1,0],"16":[0,0],"17":[3,1],"18":[1,0],"19":[1,0],"20":[0,0],"21":[0,2]},"meta":{"lastBranch":22,"lastFunction":35,"lastStatement":94,"seen":{"f:58:22:58:39":0,"s:59:26:59:Infinity":0,"s:61:2:61:Infinity":1,"s:62:2:62:Infinity":2,"s:64:14:64:Infinity":3,"s:66:2:66:Infinity":4,"s:69:2:69:Infinity":5,"s:70:2:70:Infinity":6,"s:72:21:72:Infinity":7,"s:73:18:73:Infinity":8,"s:74:2:74:Infinity":9,"s:75:2:75:Infinity":10,"f:79:2:79:Infinity":1,"s:83:4:83:Infinity":11,"s:80:21:80:Infinity":12,"s:81:21:81:Infinity":13,"b:84:4:84:Infinity:undefined:undefined:undefined:undefined":0,"s:84:4:84:Infinity":14,"s:84:33:84:Infinity":15,"f:84:59:84:71":2,"s:84:71:84:104":16,"f:89:2:89:13":3,"s:90:4:90:Infinity":17,"s:91:4:91:Infinity":18,"f:94:2:94:30":4,"s:95:4:95:Infinity":19,"f:98:2:98:63":5,"s:99:4:99:Infinity":20,"f:102:2:102:79":6,"s:103:4:103:Infinity":21,"f:106:2:106:24":7,"b:107:4:107:Infinity:undefined:undefined:undefined:undefined":1,"s:107:4:107:Infinity":22,"s:107:24:107:Infinity":23,"s:108:4:108:Infinity":24,"f:111:2:111:99":8,"s:112:4:112:Infinity":25,"f:115:2:115:65":9,"s:116:4:116:Infinity":26,"f:119:8:119:56":10,"s:120:4:120:Infinity":27,"f:123:8:123:54":11,"s:124:4:124:Infinity":28,"f:127:2:127:19":12,"s:128:4:128:Infinity":29,"f:131:2:131:28":13,"s:132:4:132:Infinity":30,"f:135:2:135:27":14,"s:136:4:136:Infinity":31,"f:139:2:139:26":15,"s:140:4:140:Infinity":32,"f:143:2:143:27":16,"s:144:4:144:Infinity":33,"f:147:2:147:27":17,"s:148:4:148:Infinity":34,"f:151:8:151:69":18,"s:152:4:152:Infinity":35,"s:153:4:153:Infinity":36,"f:157:22:157:37":19,"s:158:2:164:Infinity":37,"b:161:17:161:40:161:40:161:Infinity":2,"b:162:17:162:40:162:40:162:Infinity":3,"b:163:18:163:42:163:42:163:Infinity":4,"f:167:15:167:22":20,"b:167:48:167:72":5,"s:168:2:173:Infinity":38,"f:168:21:168:22":21,"s:169:4:172:Infinity":39,"f:169:64:169:65":22,"b:170:6:170:Infinity:undefined:undefined:undefined:undefined":6,"s:170:6:170:Infinity":40,"s:170:15:170:Infinity":41,"s:171:6:171:Infinity":42,"b:171:17:171:27:171:27:171:29":7,"b:171:32:171:42:171:42:171:44":8,"f:176:15:176:31":23,"s:177:13:177:Infinity":43,"s:178:2:183:Infinity":44,"s:179:4:179:Infinity":45,"s:182:4:182:Infinity":46,"s:185:16:185:Infinity":47,"s:186:18:186:Infinity":48,"f:186:82:186:90":24,"s:186:90:186:103":49,"s:188:2:203:Infinity":50,"b:189:4:189:Infinity:undefined:undefined:undefined:undefined":9,"s:189:4:189:Infinity":51,"f:189:22:189:32":25,"s:189:32:189:53":52,"s:189:56:189:Infinity":53,"s:191:19:191:Infinity":54,"s:192:17:192:Infinity":55,"s:193:17:193:Infinity":56,"b:195:4:202:Infinity:undefined:undefined:undefined:undefined":10,"s:195:4:202:Infinity":57,"b:195:8:195:16:195:16:195:22":11,"s:196:6:201:Infinity":58,"s:197:8:197:Infinity":59,"f:206:15:206:26":26,"s:207:2:207:Infinity":60,"s:208:2:208:Infinity":61,"f:211:15:211:26":27,"b:211:83:211:108":12,"s:212:2:247:Infinity":62,"f:212:21:212:22":28,"s:213:18:213:Infinity":63,"s:214:19:214:Infinity":64,"s:216:20:219:Infinity":65,"f:216:20:216:21":29,"b:217:6:217:Infinity:undefined:undefined:undefined:undefined":13,"s:217:6:217:Infinity":66,"s:217:35:217:Infinity":67,"b:218:6:218:Infinity:undefined:undefined:undefined:undefined":14,"s:218:6:218:Infinity":68,"b:218:10:218:23:218:23:218:30":15,"s:218:30:218:Infinity":69,"b:218:62:218:70:218:70:218:94":16,"s:221:18:223:Infinity":70,"f:221:29:221:35":30,"s:222:6:222:Infinity":71,"s:225:4:239:Infinity":72,"f:225:28:225:29":31,"s:226:20:226:Infinity":73,"s:227:6:238:Infinity":74,"b:228:8:228:Infinity:undefined:undefined:undefined:undefined":17,"s:228:8:228:Infinity":75,"s:228:56:228:Infinity":76,"s:230:20:230:Infinity":77,"b:231:8:237:Infinity:undefined:undefined:undefined:undefined":18,"s:231:8:237:Infinity":78,"s:232:10:232:Infinity":79,"s:233:10:233:Infinity":80,"s:234:10:234:Infinity":81,"s:235:10:235:Infinity":82,"s:236:10:236:Infinity":83,"s:241:4:241:Infinity":84,"f:241:22:241:29":32,"s:241:29:241:41":85,"s:242:4:246:Infinity":86,"f:242:22:242:23":33,"b:243:6:243:Infinity:undefined:undefined:undefined:undefined":19,"s:243:6:243:Infinity":87,"s:243:20:243:Infinity":88,"s:244:6:244:Infinity":89,"s:245:6:245:Infinity":90,"b:245:47:245:55:245:55:245:64":20,"f:250:15:250:24":34,"s:251:17:251:Infinity":91,"b:252:2:252:Infinity:undefined:undefined:undefined:undefined":21,"s:252:2:252:Infinity":92,"s:252:31:252:Infinity":93}}}
,"/Users/naily/Documents/Developer/ohosvscode/debugger/src/identifier-generator.ts": {"path":"/Users/naily/Documents/Developer/ohosvscode/debugger/src/identifier-generator.ts","statementMap":{"0":{"start":{"line":4,"column":24},"end":{"line":4,"column":null}},"1":{"start":{"line":7,"column":4},"end":{"line":7,"column":null}},"2":{"start":{"line":11,"column":4},"end":{"line":11,"column":null}}},"fnMap":{"0":{"name":"(anonymous_0)","decl":{"start":{"line":6,"column":2},"end":{"line":6,"column":31}},"loc":{"start":{"line":6,"column":31},"end":{"line":8,"column":null}},"line":6},"1":{"name":"(anonymous_1)","decl":{"start":{"line":10,"column":2},"end":{"line":10,"column":33}},"loc":{"start":{"line":10,"column":33},"end":{"line":12,"column":null}},"line":10}},"branchMap":{},"s":{"0":1,"1":1,"2":0},"f":{"0":1,"1":0},"b":{},"meta":{"lastBranch":0,"lastFunction":2,"lastStatement":3,"seen":{"s:4:24:4:Infinity":0,"f:6:2:6:31":0,"s:7:4:7:Infinity":1,"f:10:2:10:33":1,"s:11:4:11:Infinity":2}}}
,"/Users/naily/Documents/Developer/ohosvscode/debugger/src/index.ts": {"path":"/Users/naily/Documents/Developer/ohosvscode/debugger/src/index.ts","statementMap":{},"fnMap":{},"branchMap":{},"s":{},"f":{},"b":{},"meta":{"lastBranch":0,"lastFunction":0,"lastStatement":0,"seen":{}}}
,"/Users/naily/Documents/Developer/ohosvscode/debugger/src/types.ts": {"path":"/Users/naily/Documents/Developer/ohosvscode/debugger/src/types.ts","statementMap":{"0":{"start":{"line":8,"column":17},"end":{"line":8,"column":null}},"1":{"start":{"line":10,"column":4},"end":{"line":12,"column":null}},"2":{"start":{"line":11,"column":27},"end":{"line":11,"column":null}},"3":{"start":{"line":9,"column":9},"end":{"line":9,"column":26}},"4":{"start":{"line":16,"column":53},"end":{"line":16,"column":null}},"5":{"start":{"line":19,"column":6},"end":{"line":19,"column":null}},"6":{"start":{"line":20,"column":6},"end":{"line":20,"column":null}},"7":{"start":{"line":24,"column":6},"end":{"line":24,"column":null}},"8":{"start":{"line":24,"column":74},"end":{"line":24,"column":94}},"9":{"start":{"line":28,"column":6},"end":{"line":28,"column":null}},"10":{"start":{"line":32,"column":6},"end":{"line":32,"column":null}},"11":{"start":{"line":15,"column":9},"end":{"line":15,"column":92}}},"fnMap":{"0":{"name":"(anonymous_0)","decl":{"start":{"line":8,"column":7},"end":{"line":8,"column":17}},"loc":{"start":{"line":8,"column":7},"end":{"line":15,"column":92}},"line":8},"1":{"name":"from","decl":{"start":{"line":9,"column":18},"end":{"line":9,"column":26}},"loc":{"start":{"line":9,"column":70},"end":{"line":13,"column":null}},"line":9},"2":{"name":"(anonymous_2)","decl":{"start":{"line":11,"column":15},"end":{"line":11,"column":27}},"loc":{"start":{"line":11,"column":27},"end":{"line":11,"column":null}},"line":11},"3":{"name":"(anonymous_3)","decl":{"start":{"line":18,"column":4},"end":{"line":18,"column":12}},"loc":{"start":{"line":18,"column":48},"end":{"line":21,"column":null}},"line":18},"4":{"name":"(anonymous_4)","decl":{"start":{"line":23,"column":10},"end":{"line":23,"column":65}},"loc":{"start":{"line":23,"column":65},"end":{"line":25,"column":null}},"line":23},"5":{"name":"(anonymous_5)","decl":{"start":{"line":24,"column":60},"end":{"line":24,"column":74}},"loc":{"start":{"line":24,"column":74},"end":{"line":24,"column":94}},"line":24},"6":{"name":"(anonymous_6)","decl":{"start":{"line":27,"column":8},"end":{"line":27,"column":25}},"loc":{"start":{"line":27,"column":25},"end":{"line":29,"column":null}},"line":27},"7":{"name":"(anonymous_7)","decl":{"start":{"line":31,"column":4},"end":{"line":31,"column":54}},"loc":{"start":{"line":31,"column":54},"end":{"line":33,"column":null}},"line":31}},"branchMap":{"0":{"loc":{"start":{"line":8,"column":17},"end":{"line":8,"column":null}},"type":"binary-expr","locations":[{"start":{"line":8,"column":17},"end":{"line":8,"column":null}},{"start":{"line":8,"column":17},"end":{"line":8,"column":null}}],"line":8}},"s":{"0":1,"1":1,"2":1,"3":1,"4":1,"5":1,"6":1,"7":1,"8":1,"9":0,"10":0,"11":1},"f":{"0":1,"1":1,"2":1,"3":1,"4":1,"5":1,"6":0,"7":0},"b":{"0":[1,1]},"meta":{"lastBranch":1,"lastFunction":8,"lastStatement":12,"seen":{"s:8:17:8:Infinity":0,"f:8:7:8:17":0,"f:9:18:9:26":1,"s:10:4:12:Infinity":1,"f:11:15:11:27":2,"s:11:27:11:Infinity":2,"s:9:9:9:26":3,"s:16:53:16:Infinity":4,"f:18:4:18:12":3,"s:19:6:19:Infinity":5,"s:20:6:20:Infinity":6,"f:23:10:23:65":4,"s:24:6:24:Infinity":7,"f:24:60:24:74":5,"s:24:74:24:94":8,"f:27:8:27:25":6,"s:28:6:28:Infinity":9,"f:31:4:31:54":7,"s:32:6:32:Infinity":10,"s:15:9:15:92":11,"b:8:17:8:Infinity:8:17:8:Infinity":0}}}
,"/Users/naily/Documents/Developer/ohosvscode/debugger/src/utils.ts": {"path":"/Users/naily/Documents/Developer/ohosvscode/debugger/src/utils.ts","statementMap":{"0":{"start":{"line":4,"column":2},"end":{"line":9,"column":null}},"1":{"start":{"line":5,"column":18},"end":{"line":8,"column":null}},"2":{"start":{"line":6,"column":6},"end":{"line":6,"column":null}},"3":{"start":{"line":7,"column":6},"end":{"line":7,"column":null}},"4":{"start":{"line":12,"column":17},"end":{"line":12,"column":null}},"5":{"start":{"line":14,"column":4},"end":{"line":19,"column":null}},"6":{"start":{"line":15,"column":6},"end":{"line":15,"column":null}},"7":{"start":{"line":18,"column":6},"end":{"line":18,"column":null}},"8":{"start":{"line":13,"column":2},"end":{"line":13,"column":43}},"9":{"start":{"line":23,"column":4},"end":{"line":28,"column":null}},"10":{"start":{"line":24,"column":6},"end":{"line":24,"column":null}},"11":{"start":{"line":27,"column":6},"end":{"line":27,"column":null}},"12":{"start":{"line":22,"column":2},"end":{"line":22,"column":47}}},"fnMap":{"0":{"name":"sleep","decl":{"start":{"line":3,"column":22},"end":{"line":3,"column":28}},"loc":{"start":{"line":3,"column":55},"end":{"line":10,"column":null}},"line":3},"1":{"name":"(anonymous_1)","decl":{"start":{"line":4,"column":21},"end":{"line":4,"column":22}},"loc":{"start":{"line":4,"column":34},"end":{"line":9,"column":3}},"line":4},"2":{"name":"(anonymous_2)","decl":{"start":{"line":5,"column":29},"end":{"line":5,"column":35}},"loc":{"start":{"line":5,"column":35},"end":{"line":8,"column":7}},"line":5},"3":{"name":"(anonymous_3)","decl":{"start":{"line":12,"column":7},"end":{"line":12,"column":17}},"loc":{"start":{"line":12,"column":7},"end":{"line":22,"column":47}},"line":12},"4":{"name":"parse","decl":{"start":{"line":13,"column":24},"end":{"line":13,"column":43}},"loc":{"start":{"line":13,"column":69},"end":{"line":20,"column":null}},"line":13},"5":{"name":"stringify","decl":{"start":{"line":22,"column":24},"end":{"line":22,"column":47}},"loc":{"start":{"line":22,"column":74},"end":{"line":29,"column":null}},"line":22}},"branchMap":{"0":{"loc":{"start":{"line":12,"column":17},"end":{"line":12,"column":null}},"type":"binary-expr","locations":[{"start":{"line":12,"column":17},"end":{"line":12,"column":null}},{"start":{"line":12,"column":17},"end":{"line":12,"column":null}}],"line":12}},"s":{"0":1,"1":1,"2":1,"3":1,"4":1,"5":2,"6":2,"7":0,"8":1,"9":1,"10":1,"11":0,"12":1},"f":{"0":1,"1":1,"2":1,"3":1,"4":2,"5":1},"b":{"0":[1,1]},"meta":{"lastBranch":1,"lastFunction":6,"lastStatement":13,"seen":{"f:3:22:3:28":0,"s:4:2:9:Infinity":0,"f:4:21:4:22":1,"s:5:18:8:Infinity":1,"f:5:29:5:35":2,"s:6:6:6:Infinity":2,"s:7:6:7:Infinity":3,"s:12:17:12:Infinity":4,"f:12:7:12:17":3,"f:13:24:13:43":4,"s:14:4:19:Infinity":5,"s:15:6:15:Infinity":6,"s:18:6:18:Infinity":7,"s:13:2:13:43":8,"f:22:24:22:47":5,"s:23:4:28:Infinity":9,"s:24:6:24:Infinity":10,"s:27:6:27:Infinity":11,"s:22:2:22:47":12,"b:12:17:12:Infinity:12:17:12:Infinity":0}}}
,"/Users/naily/Documents/Developer/ohosvscode/debugger/src/ws.ts": {"path":"/Users/naily/Documents/Developer/ohosvscode/debugger/src/ws.ts","statementMap":{},"fnMap":{},"branchMap":{},"s":{},"f":{},"b":{},"meta":{"lastBranch":0,"lastFunction":0,"lastStatement":0,"seen":{}}}
,"/Users/naily/Documents/Developer/ohosvscode/debugger/src/adapters/ws/adapter.ts": {"path":"/Users/naily/Documents/Developer/ohosvscode/debugger/src/adapters/ws/adapter.ts","statementMap":{"0":{"start":{"line":13,"column":38},"end":{"line":13,"column":null}},"1":{"start":{"line":14,"column":37},"end":{"line":14,"column":null}},"2":{"start":{"line":22,"column":4},"end":{"line":22,"column":null}},"3":{"start":{"line":17,"column":21},"end":{"line":17,"column":null}},"4":{"start":{"line":18,"column":21},"end":{"line":18,"column":null}},"5":{"start":{"line":19,"column":21},"end":{"line":19,"column":null}},"6":{"start":{"line":20,"column":21},"end":{"line":20,"column":null}},"7":{"start":{"line":26,"column":4},"end":{"line":26,"column":null}},"8":{"start":{"line":30,"column":4},"end":{"line":30,"column":null}},"9":{"start":{"line":34,"column":4},"end":{"line":34,"column":null}},"10":{"start":{"line":38,"column":4},"end":{"line":38,"column":null}},"11":{"start":{"line":42,"column":4},"end":{"line":42,"column":null}},"12":{"start":{"line":46,"column":4},"end":{"line":46,"column":null}},"13":{"start":{"line":50,"column":22},"end":{"line":53,"column":null}},"14":{"start":{"line":51,"column":23},"end":{"line":51,"column":null}},"15":{"start":{"line":52,"column":6},"end":{"line":52,"column":null}},"16":{"start":{"line":52,"column":20},"end":{"line":52,"column":null}},"17":{"start":{"line":55,"column":4},"end":{"line":55,"column":null}},"18":{"start":{"line":57,"column":4},"end":{"line":59,"column":null}},"19":{"start":{"line":58,"column":6},"end":{"line":58,"column":null}},"20":{"start":{"line":63,"column":27},"end":{"line":66,"column":null}},"21":{"start":{"line":64,"column":27},"end":{"line":64,"column":null}},"22":{"start":{"line":65,"column":6},"end":{"line":65,"column":null}},"23":{"start":{"line":65,"column":24},"end":{"line":65,"column":null}},"24":{"start":{"line":68,"column":4},"end":{"line":68,"column":null}},"25":{"start":{"line":70,"column":4},"end":{"line":72,"column":null}},"26":{"start":{"line":71,"column":6},"end":{"line":71,"column":null}},"27":{"start":{"line":76,"column":4},"end":{"line":84,"column":null}},"28":{"start":{"line":81,"column":14},"end":{"line":83,"column":null}},"29":{"start":{"line":82,"column":8},"end":{"line":82,"column":null}},"30":{"start":{"line":82,"column":36},"end":{"line":82,"column":69}},"31":{"start":{"line":88,"column":15},"end":{"line":88,"column":null}},"32":{"start":{"line":89,"column":4},"end":{"line":89,"column":null}},"33":{"start":{"line":91,"column":4},"end":{"line":98,"column":null}},"34":{"start":{"line":92,"column":24},"end":{"line":96,"column":null}},"35":{"start":{"line":93,"column":25},"end":{"line":93,"column":null}},"36":{"start":{"line":94,"column":8},"end":{"line":94,"column":null}},"37":{"start":{"line":94,"column":22},"end":{"line":94,"column":null}},"38":{"start":{"line":95,"column":8},"end":{"line":95,"column":null}},"39":{"start":{"line":97,"column":6},"end":{"line":97,"column":null}},"40":{"start":{"line":102,"column":4},"end":{"line":102,"column":null}},"41":{"start":{"line":103,"column":4},"end":{"line":103,"column":null}},"42":{"start":{"line":117,"column":26},"end":{"line":117,"column":null}},"43":{"start":{"line":118,"column":2},"end":{"line":145,"column":null}},"44":{"start":{"line":121,"column":24},"end":{"line":121,"column":null}},"45":{"start":{"line":122,"column":6},"end":{"line":122,"column":null}},"46":{"start":{"line":122,"column":33},"end":{"line":122,"column":86}},"47":{"start":{"line":125,"column":17},"end":{"line":125,"column":null}},"48":{"start":{"line":127,"column":6},"end":{"line":143,"column":null}},"49":{"start":{"line":129,"column":10},"end":{"line":129,"column":null}},"50":{"start":{"line":130,"column":10},"end":{"line":130,"column":null}},"51":{"start":{"line":131,"column":10},"end":{"line":131,"column":null}},"52":{"start":{"line":135,"column":10},"end":{"line":135,"column":null}},"53":{"start":{"line":136,"column":10},"end":{"line":136,"column":null}},"54":{"start":{"line":137,"column":10},"end":{"line":137,"column":null}},"55":{"start":{"line":138,"column":10},"end":{"line":138,"column":null}},"56":{"start":{"line":141,"column":8},"end":{"line":141,"column":null}},"57":{"start":{"line":142,"column":8},"end":{"line":142,"column":null}},"58":{"start":{"line":149,"column":2},"end":{"line":152,"column":null}}},"fnMap":{"0":{"name":"(anonymous_0)","decl":{"start":{"line":16,"column":2},"end":{"line":16,"column":null}},"loc":{"start":{"line":21,"column":4},"end":{"line":23,"column":null}},"line":21},"1":{"name":"(anonymous_1)","decl":{"start":{"line":25,"column":2},"end":{"line":25,"column":50}},"loc":{"start":{"line":25,"column":50},"end":{"line":27,"column":null}},"line":25},"2":{"name":"(anonymous_2)","decl":{"start":{"line":29,"column":2},"end":{"line":29,"column":30}},"loc":{"start":{"line":29,"column":30},"end":{"line":31,"column":null}},"line":29},"3":{"name":"(anonymous_3)","decl":{"start":{"line":33,"column":8},"end":{"line":33,"column":56}},"loc":{"start":{"line":33,"column":56},"end":{"line":35,"column":null}},"line":33},"4":{"name":"(anonymous_4)","decl":{"start":{"line":37,"column":8},"end":{"line":37,"column":54}},"loc":{"start":{"line":37,"column":54},"end":{"line":39,"column":null}},"line":37},"5":{"name":"(anonymous_5)","decl":{"start":{"line":41,"column":2},"end":{"line":41,"column":47}},"loc":{"start":{"line":41,"column":47},"end":{"line":43,"column":null}},"line":41},"6":{"name":"(anonymous_6)","decl":{"start":{"line":45,"column":2},"end":{"line":45,"column":49}},"loc":{"start":{"line":45,"column":49},"end":{"line":47,"column":null}},"line":45},"7":{"name":"(anonymous_7)","decl":{"start":{"line":49,"column":2},"end":{"line":49,"column":79}},"loc":{"start":{"line":49,"column":198},"end":{"line":60,"column":null}},"line":49},"8":{"name":"(anonymous_8)","decl":{"start":{"line":50,"column":22},"end":{"line":50,"column":29}},"loc":{"start":{"line":50,"column":60},"end":{"line":53,"column":null}},"line":50},"9":{"name":"(anonymous_9)","decl":{"start":{"line":57,"column":27},"end":{"line":57,"column":33}},"loc":{"start":{"line":57,"column":33},"end":{"line":59,"column":5}},"line":57},"10":{"name":"(anonymous_10)","decl":{"start":{"line":62,"column":2},"end":{"line":62,"column":63}},"loc":{"start":{"line":62,"column":159},"end":{"line":73,"column":null}},"line":62},"11":{"name":"(anonymous_11)","decl":{"start":{"line":63,"column":27},"end":{"line":63,"column":34}},"loc":{"start":{"line":63,"column":65},"end":{"line":66,"column":null}},"line":63},"12":{"name":"(anonymous_12)","decl":{"start":{"line":70,"column":27},"end":{"line":70,"column":33}},"loc":{"start":{"line":70,"column":33},"end":{"line":72,"column":5}},"line":70},"13":{"name":"(anonymous_13)","decl":{"start":{"line":75,"column":8},"end":{"line":75,"column":71}},"loc":{"start":{"line":75,"column":142},"end":{"line":85,"column":null}},"line":75},"14":{"name":"(anonymous_14)","decl":{"start":{"line":81,"column":6},"end":{"line":81,"column":14}},"loc":{"start":{"line":81,"column":14},"end":{"line":83,"column":null}},"line":81},"15":{"name":"(anonymous_15)","decl":{"start":{"line":81,"column":26},"end":{"line":81,"column":27}},"loc":{"start":{"line":81,"column":47},"end":{"line":83,"column":7}},"line":81},"16":{"name":"(anonymous_16)","decl":{"start":{"line":82,"column":27},"end":{"line":82,"column":36}},"loc":{"start":{"line":82,"column":36},"end":{"line":82,"column":69}},"line":82},"17":{"name":"(anonymous_17)","decl":{"start":{"line":87,"column":8},"end":{"line":87,"column":105}},"loc":{"start":{"line":87,"column":226},"end":{"line":99,"column":null}},"line":87},"18":{"name":"(anonymous_18)","decl":{"start":{"line":91,"column":23},"end":{"line":91,"column":24}},"loc":{"start":{"line":91,"column":36},"end":{"line":98,"column":5}},"line":91},"19":{"name":"(anonymous_19)","decl":{"start":{"line":92,"column":24},"end":{"line":92,"column":31}},"loc":{"start":{"line":92,"column":62},"end":{"line":96,"column":null}},"line":92},"20":{"name":"(anonymous_20)","decl":{"start":{"line":101,"column":2},"end":{"line":101,"column":29}},"loc":{"start":{"line":101,"column":29},"end":{"line":104,"column":null}},"line":101},"21":{"name":"createWsAdapter","decl":{"start":{"line":116,"column":22},"end":{"line":116,"column":38}},"loc":{"start":{"line":116,"column":97},"end":{"line":146,"column":null}},"line":116},"22":{"name":"(anonymous_22)","decl":{"start":{"line":119,"column":4},"end":{"line":119,"column":17}},"loc":{"start":{"line":119,"column":29},"end":{"line":144,"column":null}},"line":119},"23":{"name":"(anonymous_23)","decl":{"start":{"line":122,"column":27},"end":{"line":122,"column":33}},"loc":{"start":{"line":122,"column":33},"end":{"line":122,"column":86}},"line":122},"24":{"name":"(anonymous_24)","decl":{"start":{"line":127,"column":25},"end":{"line":127,"column":26}},"loc":{"start":{"line":127,"column":46},"end":{"line":143,"column":7}},"line":127},"25":{"name":"handleOpen","decl":{"start":{"line":128,"column":17},"end":{"line":128,"column":30}},"loc":{"start":{"line":128,"column":30},"end":{"line":132,"column":null}},"line":128},"26":{"name":"handleError","decl":{"start":{"line":134,"column":17},"end":{"line":134,"column":29}},"loc":{"start":{"line":134,"column":43},"end":{"line":139,"column":null}},"line":134},"27":{"name":"resolveOptions","decl":{"start":{"line":148,"column":9},"end":{"line":148,"column":24}},"loc":{"start":{"line":148,"column":79},"end":{"line":153,"column":null}},"line":148}},"branchMap":{"0":{"loc":{"start":{"line":51,"column":73},"end":{"line":51,"column":131}},"type":"cond-expr","locations":[{"start":{"line":51,"column":103},"end":{"line":51,"column":113}},{"start":{"line":51,"column":113},"end":{"line":51,"column":131}}],"line":51},"1":{"loc":{"start":{"line":52,"column":6},"end":{"line":52,"column":null}},"type":"if","locations":[{"start":{"line":52,"column":6},"end":{"line":52,"column":null}},{"start":{},"end":{}}],"line":52},"2":{"loc":{"start":{"line":64,"column":71},"end":{"line":64,"column":129}},"type":"cond-expr","locations":[{"start":{"line":64,"column":101},"end":{"line":64,"column":111}},{"start":{"line":64,"column":111},"end":{"line":64,"column":129}}],"line":64},"3":{"loc":{"start":{"line":65,"column":6},"end":{"line":65,"column":null}},"type":"if","locations":[{"start":{"line":65,"column":6},"end":{"line":65,"column":null}},{"start":{},"end":{}}],"line":65},"4":{"loc":{"start":{"line":77,"column":10},"end":{"line":77,"column":null}},"type":"binary-expr","locations":[{"start":{"line":77,"column":10},"end":{"line":77,"column":29}},{"start":{"line":77,"column":29},"end":{"line":77,"column":null}}],"line":77},"5":{"loc":{"start":{"line":82,"column":36},"end":{"line":82,"column":69}},"type":"cond-expr","locations":[{"start":{"line":82,"column":44},"end":{"line":82,"column":60}},{"start":{"line":82,"column":60},"end":{"line":82,"column":69}}],"line":82},"6":{"loc":{"start":{"line":88,"column":15},"end":{"line":88,"column":null}},"type":"binary-expr","locations":[{"start":{"line":88,"column":15},"end":{"line":88,"column":29}},{"start":{"line":88,"column":29},"end":{"line":88,"column":null}}],"line":88},"7":{"loc":{"start":{"line":93,"column":77},"end":{"line":93,"column":135}},"type":"cond-expr","locations":[{"start":{"line":93,"column":107},"end":{"line":93,"column":117}},{"start":{"line":93,"column":117},"end":{"line":93,"column":135}}],"line":93},"8":{"loc":{"start":{"line":94,"column":8},"end":{"line":94,"column":null}},"type":"if","locations":[{"start":{"line":94,"column":8},"end":{"line":94,"column":null}},{"start":{},"end":{}}],"line":94},"9":{"loc":{"start":{"line":116,"column":38},"end":{"line":116,"column":97}},"type":"default-arg","locations":[{"start":{"line":116,"column":67},"end":{"line":116,"column":97}}],"line":116},"10":{"loc":{"start":{"line":150,"column":10},"end":{"line":150,"column":null}},"type":"binary-expr","locations":[{"start":{"line":150,"column":10},"end":{"line":150,"column":26}},{"start":{"line":150,"column":26},"end":{"line":150,"column":null}}],"line":150},"11":{"loc":{"start":{"line":151,"column":14},"end":{"line":151,"column":null}},"type":"binary-expr","locations":[{"start":{"line":151,"column":14},"end":{"line":151,"column":34}},{"start":{"line":151,"column":34},"end":{"line":151,"column":null}}],"line":151}},"s":{"0":1,"1":1,"2":1,"3":1,"4":1,"5":1,"6":1,"7":0,"8":0,"9":1,"10":0,"11":0,"12":0,"13":0,"14":0,"15":0,"16":0,"17":0,"18":0,"19":0,"20":1,"21":1,"22":1,"23":0,"24":1,"25":1,"26":1,"27":1,"28":1,"29":1,"30":1,"31":1,"32":1,"33":1,"34":1,"35":1,"36":1,"37":1,"38":1,"39":1,"40":0,"41":0,"42":1,"43":1,"44":1,"45":1,"46":1,"47":1,"48":1,"49":1,"50":1,"51":1,"52":0,"53":0,"54":0,"55":0,"56":1,"57":1,"58":1},"f":{"0":1,"1":0,"2":0,"3":1,"4":0,"5":0,"6":0,"7":0,"8":0,"9":0,"10":1,"11":1,"12":1,"13":1,"14":1,"15":1,"16":1,"17":1,"18":1,"19":1,"20":0,"21":1,"22":1,"23":1,"24":1,"25":1,"26":0,"27":1},"b":{"0":[0,0],"1":[0,0],"2":[0,1],"3":[0,1],"4":[1,0],"5":[0,1],"6":[1,1],"7":[0,1],"8":[1,0],"9":[1],"10":[1,1],"11":[1,1]},"meta":{"lastBranch":12,"lastFunction":28,"lastStatement":59,"seen":{"s:13:38:13:Infinity":0,"s:14:37:14:Infinity":1,"f:16:2:16:Infinity":0,"s:22:4:22:Infinity":2,"s:17:21:17:Infinity":3,"s:18:21:18:Infinity":4,"s:19:21:19:Infinity":5,"s:20:21:20:Infinity":6,"f:25:2:25:50":1,"s:26:4:26:Infinity":7,"f:29:2:29:30":2,"s:30:4:30:Infinity":8,"f:33:8:33:56":3,"s:34:4:34:Infinity":9,"f:37:8:37:54":4,"s:38:4:38:Infinity":10,"f:41:2:41:47":5,"s:42:4:42:Infinity":11,"f:45:2:45:49":6,"s:46:4:46:Infinity":12,"f:49:2:49:79":7,"s:50:22:53:Infinity":13,"f:50:22:50:29":8,"s:51:23:51:Infinity":14,"b:51:103:51:113:51:113:51:131":0,"b:52:6:52:Infinity:undefined:undefined:undefined:undefined":1,"s:52:6:52:Infinity":15,"s:52:20:52:Infinity":16,"s:55:4:55:Infinity":17,"s:57:4:59:Infinity":18,"f:57:27:57:33":9,"s:58:6:58:Infinity":19,"f:62:2:62:63":10,"s:63:27:66:Infinity":20,"f:63:27:63:34":11,"s:64:27:64:Infinity":21,"b:64:101:64:111:64:111:64:129":2,"b:65:6:65:Infinity:undefined:undefined:undefined:undefined":3,"s:65:6:65:Infinity":22,"s:65:24:65:Infinity":23,"s:68:4:68:Infinity":24,"s:70:4:72:Infinity":25,"f:70:27:70:33":12,"s:71:6:71:Infinity":26,"f:75:8:75:71":13,"s:76:4:84:Infinity":27,"b:77:10:77:29:77:29:77:Infinity":4,"f:81:6:81:14":14,"s:81:14:83:Infinity":28,"f:81:26:81:27":15,"s:82:8:82:Infinity":29,"f:82:27:82:36":16,"s:82:36:82:69":30,"b:82:44:82:60:82:60:82:69":5,"f:87:8:87:105":17,"s:88:15:88:Infinity":31,"b:88:15:88:29:88:29:88:Infinity":6,"s:89:4:89:Infinity":32,"s:91:4:98:Infinity":33,"f:91:23:91:24":18,"s:92:24:96:Infinity":34,"f:92:24:92:31":19,"s:93:25:93:Infinity":35,"b:93:107:93:117:93:117:93:135":7,"b:94:8:94:Infinity:undefined:undefined:undefined:undefined":8,"s:94:8:94:Infinity":36,"s:94:22:94:Infinity":37,"s:95:8:95:Infinity":38,"s:97:6:97:Infinity":39,"f:101:2:101:29":20,"s:102:4:102:Infinity":40,"s:103:4:103:Infinity":41,"f:116:22:116:38":21,"b:116:67:116:97":9,"s:117:26:117:Infinity":42,"s:118:2:145:Infinity":43,"f:119:4:119:17":22,"s:121:24:121:Infinity":44,"s:122:6:122:Infinity":45,"f:122:27:122:33":23,"s:122:33:122:86":46,"s:125:17:125:Infinity":47,"s:127:6:143:Infinity":48,"f:127:25:127:26":24,"f:128:17:128:30":25,"s:129:10:129:Infinity":49,"s:130:10:130:Infinity":50,"s:131:10:131:Infinity":51,"f:134:17:134:29":26,"s:135:10:135:Infinity":52,"s:136:10:136:Infinity":53,"s:137:10:137:Infinity":54,"s:138:10:138:Infinity":55,"s:141:8:141:Infinity":56,"s:142:8:142:Infinity":57,"f:148:9:148:24":27,"s:149:2:152:Infinity":58,"b:150:10:150:26:150:26:150:Infinity":10,"b:151:14:151:34:151:34:151:Infinity":11}}}
,"/Users/naily/Documents/Developer/ohosvscode/debugger/src/adapters/ws/debugger.ts": {"path":"/Users/naily/Documents/Developer/ohosvscode/debugger/src/adapters/ws/debugger.ts","statementMap":{"0":{"start":{"line":6,"column":31},"end":{"line":6,"column":55}},"1":{"start":{"line":9,"column":4},"end":{"line":12,"column":null}},"2":{"start":{"line":16,"column":4},"end":{"line":19,"column":null}},"3":{"start":{"line":23,"column":4},"end":{"line":26,"column":null}},"4":{"start":{"line":30,"column":4},"end":{"line":33,"column":null}},"5":{"start":{"line":37,"column":4},"end":{"line":40,"column":null}}},"fnMap":{"0":{"name":"(anonymous_0)","decl":{"start":{"line":6,"column":2},"end":{"line":6,"column":31}},"loc":{"start":{"line":6,"column":55},"end":{"line":6,"column":null}},"line":6},"1":{"name":"(anonymous_1)","decl":{"start":{"line":8,"column":2},"end":{"line":8,"column":37}},"loc":{"start":{"line":8,"column":159},"end":{"line":13,"column":null}},"line":8},"2":{"name":"(anonymous_2)","decl":{"start":{"line":15,"column":2},"end":{"line":15,"column":38}},"loc":{"start":{"line":15,"column":100},"end":{"line":20,"column":null}},"line":15},"3":{"name":"(anonymous_3)","decl":{"start":{"line":22,"column":2},"end":{"line":22,"column":53}},"loc":{"start":{"line":22,"column":207},"end":{"line":27,"column":null}},"line":22},"4":{"name":"(anonymous_4)","decl":{"start":{"line":29,"column":2},"end":{"line":29,"column":63}},"loc":{"start":{"line":29,"column":237},"end":{"line":34,"column":null}},"line":29},"5":{"name":"(anonymous_5)","decl":{"start":{"line":36,"column":2},"end":{"line":36,"column":29}},"loc":{"start":{"line":36,"column":29},"end":{"line":41,"column":null}},"line":36}},"branchMap":{},"s":{"0":1,"1":1,"2":0,"3":0,"4":0,"5":0},"f":{"0":1,"1":1,"2":0,"3":0,"4":0,"5":0},"b":{},"meta":{"lastBranch":0,"lastFunction":6,"lastStatement":6,"seen":{"f:6:2:6:31":0,"s:6:31:6:55":0,"f:8:2:8:37":1,"s:9:4:12:Infinity":1,"f:15:2:15:38":2,"s:16:4:19:Infinity":2,"f:22:2:22:53":3,"s:23:4:26:Infinity":3,"f:29:2:29:63":4,"s:30:4:33:Infinity":4,"f:36:2:36:29":5,"s:37:4:40:Infinity":5}}}
,"/Users/naily/Documents/Developer/ohosvscode/debugger/src/adapters/ws/index.ts": {"path":"/Users/naily/Documents/Developer/ohosvscode/debugger/src/adapters/ws/index.ts","statementMap":{},"fnMap":{},"branchMap":{},"s":{},"f":{},"b":{},"meta":{"lastBranch":0,"lastFunction":0,"lastStatement":0,"seen":{}}}
,"/Users/naily/Documents/Developer/ohosvscode/debugger/src/adapters/ws/runtime.ts": {"path":"/Users/naily/Documents/Developer/ohosvscode/debugger/src/adapters/ws/runtime.ts","statementMap":{"0":{"start":{"line":5,"column":31},"end":{"line":5,"column":55}},"1":{"start":{"line":8,"column":4},"end":{"line":11,"column":null}}},"fnMap":{"0":{"name":"(anonymous_0)","decl":{"start":{"line":5,"column":2},"end":{"line":5,"column":31}},"loc":{"start":{"line":5,"column":55},"end":{"line":5,"column":null}},"line":5},"1":{"name":"(anonymous_1)","decl":{"start":{"line":7,"column":2},"end":{"line":7,"column":37}},"loc":{"start":{"line":7,"column":148},"end":{"line":12,"column":null}},"line":7}},"branchMap":{},"s":{"0":1,"1":0},"f":{"0":1,"1":0},"b":{},"meta":{"lastBranch":0,"lastFunction":2,"lastStatement":2,"seen":{"f:5:2:5:31":0,"s:5:31:5:55":0,"f:7:2:7:37":1,"s:8:4:11:Infinity":1}}}
,"/Users/naily/Documents/Developer/ohosvscode/debugger/src/errors/base-exception.ts": {"path":"/Users/naily/Documents/Developer/ohosvscode/debugger/src/errors/base-exception.ts","statementMap":{"0":{"start":{"line":3,"column":4},"end":{"line":3,"column":null}},"1":{"start":{"line":2,"column":30},"end":{"line":2,"column":47}},"2":{"start":{"line":5,"column":0},"end":{"line":7,"column":null}},"3":{"start":{"line":9,"column":4},"end":{"line":9,"column":null}},"4":{"start":{"line":8,"column":9},"end":{"line":8,"column":34}}},"fnMap":{"0":{"name":"(anonymous_0)","decl":{"start":{"line":2,"column":2},"end":{"line":2,"column":30}},"loc":{"start":{"line":2,"column":47},"end":{"line":4,"column":null}},"line":2},"1":{"name":"(anonymous_1)","decl":{"start":{"line":7,"column":7},"end":{"line":7,"column":17}},"loc":{"start":{"line":7,"column":7},"end":{"line":8,"column":34}},"line":7},"2":{"name":"isBaseException","decl":{"start":{"line":8,"column":18},"end":{"line":8,"column":34}},"loc":{"start":{"line":8,"column":74},"end":{"line":10,"column":null}},"line":8}},"branchMap":{"0":{"loc":{"start":{"line":7,"column":17},"end":{"line":7,"column":null}},"type":"binary-expr","locations":[{"start":{"line":7,"column":17},"end":{"line":7,"column":null}},{"start":{"line":7,"column":17},"end":{"line":7,"column":null}}],"line":7}},"s":{"0":0,"1":0,"2":1,"3":0,"4":1},"f":{"0":0,"1":1,"2":0},"b":{"0":[1,0]},"meta":{"lastBranch":1,"lastFunction":3,"lastStatement":5,"seen":{"f:2:2:2:30":0,"s:3:4:3:Infinity":0,"s:2:30:2:47":1,"s:5:0:7:Infinity":2,"f:7:7:7:17":1,"f:8:18:8:34":2,"s:9:4:9:Infinity":3,"s:8:9:8:34":4,"b:7:17:7:Infinity:7:17:7:Infinity":0}}}
,"/Users/naily/Documents/Developer/ohosvscode/debugger/src/errors/index.ts": {"path":"/Users/naily/Documents/Developer/ohosvscode/debugger/src/errors/index.ts","statementMap":{},"fnMap":{},"branchMap":{},"s":{},"f":{},"b":{},"meta":{"lastBranch":0,"lastFunction":0,"lastStatement":0,"seen":{}}}
,"/Users/naily/Documents/Developer/ohosvscode/debugger/src/errors/json-exception.ts": {"path":"/Users/naily/Documents/Developer/ohosvscode/debugger/src/errors/json-exception.ts","statementMap":{"0":{"start":{"line":5,"column":4},"end":{"line":5,"column":null}},"1":{"start":{"line":4,"column":30},"end":{"line":4,"column":63}},"2":{"start":{"line":4,"column":63},"end":{"line":4,"column":105}},"3":{"start":{"line":4,"column":105},"end":{"line":4,"column":122}},"4":{"start":{"line":7,"column":0},"end":{"line":9,"column":null}},"5":{"start":{"line":10,"column":9},"end":{"line":10,"column":null}},"6":{"start":{"line":11,"column":4},"end":{"line":11,"column":null}},"7":{"start":{"line":12,"column":4},"end":{"line":12,"column":null}},"8":{"start":{"line":13,"column":4},"end":{"line":13,"column":null}},"9":{"start":{"line":17,"column":4},"end":{"line":17,"column":null}},"10":{"start":{"line":16,"column":9},"end":{"line":16,"column":34}}},"fnMap":{"0":{"name":"(anonymous_0)","decl":{"start":{"line":4,"column":2},"end":{"line":4,"column":30}},"loc":{"start":{"line":4,"column":122},"end":{"line":6,"column":null}},"line":4},"1":{"name":"(anonymous_1)","decl":{"start":{"line":9,"column":7},"end":{"line":9,"column":17}},"loc":{"start":{"line":9,"column":7},"end":{"line":16,"column":34}},"line":9},"2":{"name":"(anonymous_2)","decl":{"start":{"line":10,"column":9},"end":{"line":10,"column":14}},"loc":{"start":{"line":10,"column":9},"end":{"line":13,"column":null}},"line":10},"3":{"name":"isJsonException","decl":{"start":{"line":16,"column":18},"end":{"line":16,"column":34}},"loc":{"start":{"line":16,"column":74},"end":{"line":18,"column":null}},"line":16}},"branchMap":{"0":{"loc":{"start":{"line":10,"column":14},"end":{"line":10,"column":null}},"type":"binary-expr","locations":[{"start":{"line":10,"column":14},"end":{"line":10,"column":null}},{"start":{"line":10,"column":14},"end":{"line":10,"column":null}}],"line":10},"1":{"loc":{"start":{"line":17,"column":11},"end":{"line":17,"column":null}},"type":"binary-expr","locations":[{"start":{"line":17,"column":11},"end":{"line":17,"column":51}},{"start":{"line":17,"column":51},"end":{"line":17,"column":null}}],"line":17},"2":{"loc":{"start":{"line":9,"column":17},"end":{"line":9,"column":null}},"type":"binary-expr","locations":[{"start":{"line":9,"column":17},"end":{"line":9,"column":null}},{"start":{"line":9,"column":17},"end":{"line":9,"column":null}}],"line":9}},"s":{"0":0,"1":0,"2":0,"3":0,"4":1,"5":1,"6":1,"7":1,"8":1,"9":0,"10":1},"f":{"0":0,"1":1,"2":1,"3":0},"b":{"0":[1,1],"1":[0,0],"2":[1,0]},"meta":{"lastBranch":3,"lastFunction":4,"lastStatement":11,"seen":{"f:4:2:4:30":0,"s:5:4:5:Infinity":0,"s:4:30:4:63":1,"s:4:63:4:105":2,"s:4:105:4:122":3,"s:7:0:9:Infinity":4,"f:9:7:9:17":1,"s:10:9:10:Infinity":5,"f:10:9:10:14":2,"s:11:4:11:Infinity":6,"s:12:4:12:Infinity":7,"s:13:4:13:Infinity":8,"b:10:14:10:Infinity:10:14:10:Infinity":0,"f:16:18:16:34":3,"s:17:4:17:Infinity":9,"b:17:11:17:51:17:51:17:Infinity":1,"s:16:9:16:34":10,"b:9:17:9:Infinity:9:17:9:Infinity":2}}}
}
